INFO:     Will watch for changes in these directories: ['C:\\Users\\ADMIN\\OneDrive\\Desktop\\harvestlink\\harvestlink_backend_login_test']
INFO:     Uvicorn running on http://0.0.0.0:8001 (Press CTRL+C to quit)
INFO:     Started reloader process [13328] using WatchFiles
INFO:     Started server process [15328]
INFO:     Waiting for application startup.
INFO:     Application startup complete.
WARNING:  WatchFiles detected changes in 'app\api\v1\routes\countries.py'. Reloading...
INFO:     Shutting down
INFO:     Waiting for application shutdown.
INFO:     Application shutdown complete.
INFO:     Finished server process [15328]
WARNING:  WatchFiles detected changes in 'app\api\v1\routes\countries.py'. Reloading...
INFO:     Started server process [16584]
INFO:     Waiting for application startup.
INFO:     Application startup complete.
ERROR:    Traceback (most recent call last):
  File "C:\Users\ADMIN\AppData\Local\Python\pythoncore-3.14-64\Lib\asyncio\runners.py", line 127, in run
    return self._loop.run_until_complete(task)
           ~~~~~~~~~~~~~~~~~~~~~~~~~~~~~^^^^^^
  File "C:\Users\ADMIN\AppData\Local\Python\pythoncore-3.14-64\Lib\asyncio\base_events.py", line 719, in run_until_complete
    return future.result()
           ~~~~~~~~~~~~~^^
asyncio.exceptions.CancelledError

During handling of the above exception, another exception occurred:

Traceback (most recent call last):
  File "C:\Users\ADMIN\AppData\Local\Python\pythoncore-3.14-64\Lib\asyncio\runners.py", line 204, in run
    return runner.run(main)
           ~~~~~~~~~~^^^^^^
  File "C:\Users\ADMIN\AppData\Local\Python\pythoncore-3.14-64\Lib\asyncio\runners.py", line 132, in run
    raise KeyboardInterrupt()
KeyboardInterrupt

During handling of the above exception, another exception occurred:

Traceback (most recent call last):
  File "C:\Users\ADMIN\AppData\Local\Python\pythoncore-3.14-64\Lib\site-packages\starlette\routing.py", line 700, in lifespan
    await receive()
  File "C:\Users\ADMIN\AppData\Local\Python\pythoncore-3.14-64\Lib\site-packages\uvicorn\lifespan\on.py", line 137, in receive
    return await self.receive_queue.get()
           ^^^^^^^^^^^^^^^^^^^^^^^^^^^^^^
  File "C:\Users\ADMIN\AppData\Local\Python\pythoncore-3.14-64\Lib\asyncio\queues.py", line 186, in get
    await getter
asyncio.exceptions.CancelledError

INFO:     Started server process [15720]
INFO:     Waiting for application startup.
INFO:     Application startup complete.
WARNING:  WatchFiles detected changes in 'app\api\v1\routes\countries.py'. Reloading...
INFO:     Shutting down
INFO:     Waiting for application shutdown.
INFO:     Application shutdown complete.
INFO:     Finished server process [15720]
WARNING:  WatchFiles detected changes in 'app\api\v1\routes\countries.py'. Reloading...
Process SpawnProcess-4:
Traceback (most recent call last):
  File "C:\Users\ADMIN\AppData\Local\Python\pythoncore-3.14-64\Lib\multiprocessing\process.py", line 320, in _bootstrap
    self.run()
    ~~~~~~~~^^
  File "C:\Users\ADMIN\AppData\Local\Python\pythoncore-3.14-64\Lib\multiprocessing\process.py", line 108, in run
    self._target(*self._args, **self._kwargs)
    ~~~~~~~~~~~~^^^^^^^^^^^^^^^^^^^^^^^^^^^^^
  File "C:\Users\ADMIN\AppData\Local\Python\pythoncore-3.14-64\Lib\site-packages\uvicorn\_subprocess.py", line 76, in subprocess_started
    config.configure_logging()
    ~~~~~~~~~~~~~~~~~~~~~~~~^^
  File "C:\Users\ADMIN\AppData\Local\Python\pythoncore-3.14-64\Lib\site-packages\uvicorn\config.py", line 366, in configure_logging
    logging.config.dictConfig(self.log_config)
    ~~~~~~~~~~~~~~~~~~~~~~~~~^^^^^^^^^^^^^^^^^
  File "C:\Users\ADMIN\AppData\Local\Python\pythoncore-3.14-64\Lib\logging\config.py", line 946, in dictConfig
    dictConfigClass(config).configure()
    ~~~~~~~~~~~~~~~~~~~~~~~~~~~~~~~~~^^
  File "C:\Users\ADMIN\AppData\Local\Python\pythoncore-3.14-64\Lib\logging\config.py", line 577, in configure
    _clearExistingHandlers()
    ~~~~~~~~~~~~~~~~~~~~~~^^
  File "C:\Users\ADMIN\AppData\Local\Python\pythoncore-3.14-64\Lib\logging\config.py", line 290, in _clearExistingHandlers
    logging.shutdown(logging._handlerList[:])
    ~~~~~~~~~~~~~~~~^^^^^^^^^^^^^^^^^^^^^^^^^
  File "C:\Users\ADMIN\AppData\Local\Python\pythoncore-3.14-64\Lib\logging\__init__.py", line 2226, in shutdown
    def shutdown(handlerList=_handlerList):
    
KeyboardInterrupt
INFO:     Started server process [18036]
INFO:     Waiting for application startup.
INFO:     Application startup complete.
