[2m8:23:14 AM[22m [31m[1m[vite][22m[39m [31m[2m(client)[22m[39m Pre-transform error: Transform failed with 1 error:

[31m[PARSE_ERROR] Error:[0m Expected `}` but found `EOF`
     [38;5;246m╭[0m[38;5;246m─[0m[38;5;246m[[0m src/pages/BuyerProfile.jsx:567:7 [38;5;246m][0m
     [38;5;246m│[0m
 [38;5;246m 23 │[0m [38;5;249me[0m[38;5;249mx[0m[38;5;249mp[0m[38;5;249mo[0m[38;5;249mr[0m[38;5;249mt[0m[38;5;249m [0m[38;5;249md[0m[38;5;249me[0m[38;5;249mf[0m[38;5;249ma[0m[38;5;249mu[0m[38;5;249ml[0m[38;5;249mt[0m[38;5;249m [0m[38;5;249mf[0m[38;5;249mu[0m[38;5;249mn[0m[38;5;249mc[0m[38;5;249mt[0m[38;5;249mi[0m[38;5;249mo[0m[38;5;249mn[0m[38;5;249m [0m[38;5;249mB[0m[38;5;249mu[0m[38;5;249my[0m[38;5;249me[0m[38;5;249mr[0m[38;5;249mP[0m[38;5;249mr[0m[38;5;249mo[0m[38;5;249mf[0m[38;5;249mi[0m[38;5;249ml[0m[38;5;249me[0m[38;5;249m([0m[38;5;249m)[0m[38;5;249m [0m{
 [38;5;240m    │[0m                                        ┬  
 [38;5;240m    │[0m                                        ╰── Opened here
 [38;5;240m    │[0m 
 [38;5;246m567 │[0m [38;5;249m [0m[38;5;249m [0m[38;5;249m)[0m[38;5;249m;[0m
 [38;5;240m    │[0m       │ 
 [38;5;240m    │[0m       ╰─ `}` expected
[38;5;246m─────╯[0m

  Plugin: [35mvite:oxc[39m
  File: [36mC:/Users/ADMIN/OneDrive/Desktop/harvestlink/harvestlink_frontend_original_style_backend_ready/harvestlink-frontend/src/pages/BuyerProfile.jsx[39m
[2m8:23:14 AM[22m [31m[1m[vite][22m[39m [31mInternal server error: Transform failed with 1 error:

[31m[PARSE_ERROR] Error:[0m Expected `}` but found `EOF`
     [38;5;246m╭[0m[38;5;246m─[0m[38;5;246m[[0m src/pages/BuyerProfile.jsx:567:7 [38;5;246m][0m
     [38;5;246m│[0m
 [38;5;246m 23 │[0m [38;5;249me[0m[38;5;249mx[0m[38;5;249mp[0m[38;5;249mo[0m[38;5;249mr[0m[38;5;249mt[0m[38;5;249m [0m[38;5;249md[0m[38;5;249me[0m[38;5;249mf[0m[38;5;249ma[0m[38;5;249mu[0m[38;5;249ml[0m[38;5;249mt[0m[38;5;249m [0m[38;5;249mf[0m[38;5;249mu[0m[38;5;249mn[0m[38;5;249mc[0m[38;5;249mt[0m[38;5;249mi[0m[38;5;249mo[0m[38;5;249mn[0m[38;5;249m [0m[38;5;249mB[0m[38;5;249mu[0m[38;5;249my[0m[38;5;249me[0m[38;5;249mr[0m[38;5;249mP[0m[38;5;249mr[0m[38;5;249mo[0m[38;5;249mf[0m[38;5;249mi[0m[38;5;249ml[0m[38;5;249me[0m[38;5;249m([0m[38;5;249m)[0m[38;5;249m [0m{
 [38;5;240m    │[0m                                        ┬  
 [38;5;240m    │[0m                                        ╰── Opened here
 [38;5;240m    │[0m 
 [38;5;246m567 │[0m [38;5;249m [0m[38;5;249m [0m[38;5;249m)[0m[38;5;249m;[0m
 [38;5;240m    │[0m       │ 
 [38;5;240m    │[0m       ╰─ `}` expected
[38;5;246m─────╯[0m
[39m
  Plugin: [35mvite:oxc[39m
  File: [36mC:/Users/ADMIN/OneDrive/Desktop/harvestlink/harvestlink_frontend_original_style_backend_ready/harvestlink-frontend/src/pages/BuyerProfile.jsx[39m
      at transformWithOxc (file:///C:/Users/ADMIN/OneDrive/Desktop/harvestlink/harvestlink_frontend_original_style_backend_ready/harvestlink-frontend/node_modules/vite/dist/node/chunks/node.js:3340:19)
      at TransformPluginContext.transform (file:///C:/Users/ADMIN/OneDrive/Desktop/harvestlink/harvestlink_frontend_original_style_backend_ready/harvestlink-frontend/node_modules/vite/dist/node/chunks/node.js:3408:26)
      at EnvironmentPluginContainer.transform (file:///C:/Users/ADMIN/OneDrive/Desktop/harvestlink/harvestlink_frontend_original_style_backend_ready/harvestlink-frontend/node_modules/vite/dist/node/chunks/node.js:30193:51)
      at async loadAndTransform (file:///C:/Users/ADMIN/OneDrive/Desktop/harvestlink/harvestlink_frontend_original_style_backend_ready/harvestlink-frontend/node_modules/vite/dist/node/chunks/node.js:24511:26)
      at async viteTransformMiddleware (file:///C:/Users/ADMIN/OneDrive/Desktop/harvestlink/harvestlink_frontend_original_style_backend_ready/harvestlink-frontend/node_modules/vite/dist/node/chunks/node.js:24305:20)
[2m8:23:16 AM[22m [31m[1m[vite][22m[39m [31m[2m(client)[22m[39m Pre-transform error: Transform failed with 1 error:

[31m[PARSE_ERROR] Error:[0m Expected `)` but found `EOF`
     [38;5;246m╭[0m[38;5;246m─[0m[38;5;246m[[0m src/pages/BuyerProfile.jsx:560:24 [38;5;246m][0m
     [38;5;246m│[0m
 [38;5;246m560 │[0m [38;5;249m [0m[38;5;249m [0m[38;5;249m [0m[38;5;249m [0m[38;5;249m [0m[38;5;249m [0m[38;5;249m [0m[38;5;249m [0m[38;5;249m{[0m[38;5;249mm[0m[38;5;249me[0m[38;5;249ms[0m[38;5;249ms[0m[38;5;249ma[0m[38;5;249mg[0m[38;5;249me[0m[38;5;249m [0m[38;5;249m&[0m[38;5;249m&[0m[38;5;249m [0m[38;5;249m([0m
 [38;5;240m    │[0m                        │ 
 [38;5;240m    │[0m                        ╰─ `)` expected
[38;5;246m─────╯[0m

  Plugin: [35mvite:oxc[39m
  File: [36mC:/Users/ADMIN/OneDrive/Desktop/harvestlink/harvestlink_frontend_original_style_backend_ready/harvestlink-frontend/src/pages/BuyerProfile.jsx[39m
[2m8:23:16 AM[22m [31m[1m[vite][22m[39m [31mInternal server error: Transform failed with 1 error:

[31m[PARSE_ERROR] Error:[0m Expected `)` but found `EOF`
     [38;5;246m╭[0m[38;5;246m─[0m[38;5;246m[[0m src/pages/BuyerProfile.jsx:560:24 [38;5;246m][0m
     [38;5;246m│[0m
 [38;5;246m560 │[0m [38;5;249m [0m[38;5;249m [0m[38;5;249m [0m[38;5;249m [0m[38;5;249m [0m[38;5;249m [0m[38;5;249m [0m[38;5;249m [0m[38;5;249m{[0m[38;5;249mm[0m[38;5;249me[0m[38;5;249ms[0m[38;5;249ms[0m[38;5;249ma[0m[38;5;249mg[0m[38;5;249me[0m[38;5;249m [0m[38;5;249m&[0m[38;5;249m&[0m[38;5;249m [0m[38;5;249m([0m
 [38;5;240m    │[0m                        │ 
 [38;5;240m    │[0m                        ╰─ `)` expected
[38;5;246m─────╯[0m
[39m
  Plugin: [35mvite:oxc[39m
  File: [36mC:/Users/ADMIN/OneDrive/Desktop/harvestlink/harvestlink_frontend_original_style_backend_ready/harvestlink-frontend/src/pages/BuyerProfile.jsx[39m
      at transformWithOxc (file:///C:/Users/ADMIN/OneDrive/Desktop/harvestlink/harvestlink_frontend_original_style_backend_ready/harvestlink-frontend/node_modules/vite/dist/node/chunks/node.js:3340:19)
      at TransformPluginContext.transform (file:///C:/Users/ADMIN/OneDrive/Desktop/harvestlink/harvestlink_frontend_original_style_backend_ready/harvestlink-frontend/node_modules/vite/dist/node/chunks/node.js:3408:26)
      at EnvironmentPluginContainer.transform (file:///C:/Users/ADMIN/OneDrive/Desktop/harvestlink/harvestlink_frontend_original_style_backend_ready/harvestlink-frontend/node_modules/vite/dist/node/chunks/node.js:30193:51)
      at async loadAndTransform (file:///C:/Users/ADMIN/OneDrive/Desktop/harvestlink/harvestlink_frontend_original_style_backend_ready/harvestlink-frontend/node_modules/vite/dist/node/chunks/node.js:24511:26)
      at async viteTransformMiddleware (file:///C:/Users/ADMIN/OneDrive/Desktop/harvestlink/harvestlink_frontend_original_style_backend_ready/harvestlink-frontend/node_modules/vite/dist/node/chunks/node.js:24305:20)
[2m8:23:20 AM[22m [31m[1m[vite][22m[39m [31m[2m(client)[22m[39m Pre-transform error: Transform failed with 1 error:

[31m[PARSE_ERROR] Error:[0m Unexpected token
     [38;5;246m╭[0m[38;5;246m─[0m[38;5;246m[[0m src/pages/BuyerProfile.jsx:546:47 [38;5;246m][0m
     [38;5;246m│[0m
 [38;5;246m546 │[0m [38;5;249m [0m[38;5;249m [0m[38;5;249m [0m[38;5;249m [0m[38;5;249m [0m[38;5;249m [0m[38;5;249m [0m[38;5;249m [0m[38;5;249m [0m[38;5;249m [0m[38;5;249m [0m[38;5;249m [0m[38;5;249m [0m[38;5;249m [0m[38;5;249m [0m[38;5;249m [0m[38;5;249m [0m[38;5;249m [0m[38;5;249m [0m[38;5;249m [0m[38;5;249m [0m[38;5;249m [0m[38;5;249m<[0m[38;5;249mA[0m[38;5;249mr[0m[38;5;249mr[0m[38;5;249mo[0m[38;5;249mw[0m[38;5;249mR[0m[38;5;249mi[0m[38;5;249mg[0m[38;5;249mh[0m[38;5;249mt[0m[38;5;249m [0m[38;5;249ms[0m[38;5;249mi[0m[38;5;249mz[0m[38;5;249me[0m[38;5;249m=[0m[38;5;249m{[0m[38;5;249m1[0m[38;5;249m4[0m[38;5;249m}[0m[38;5;249m [0m[38;5;249m/[0m[38;5;249m>[0m
 [38;5;240m    │[0m                                               ─┬  
 [38;5;240m    │[0m                                                ╰── 
[38;5;246m─────╯[0m

  Plugin: [35mvite:oxc[39m
  File: [36mC:/Users/ADMIN/OneDrive/Desktop/harvestlink/harvestlink_frontend_original_style_backend_ready/harvestlink-frontend/src/pages/BuyerProfile.jsx[39m
[2m8:23:20 AM[22m [31m[1m[vite][22m[39m [31mInternal server error: Transform failed with 1 error:

[31m[PARSE_ERROR] Error:[0m Unexpected token
     [38;5;246m╭[0m[38;5;246m─[0m[38;5;246m[[0m src/pages/BuyerProfile.jsx:546:47 [38;5;246m][0m
     [38;5;246m│[0m
 [38;5;246m546 │[0m [38;5;249m [0m[38;5;249m [0m[38;5;249m [0m[38;5;249m [0m[38;5;249m [0m[38;5;249m [0m[38;5;249m [0m[38;5;249m [0m[38;5;249m [0m[38;5;249m [0m[38;5;249m [0m[38;5;249m [0m[38;5;249m [0m[38;5;249m [0m[38;5;249m [0m[38;5;249m [0m[38;5;249m [0m[38;5;249m [0m[38;5;249m [0m[38;5;249m [0m[38;5;249m [0m[38;5;249m [0m[38;5;249m<[0m[38;5;249mA[0m[38;5;249mr[0m[38;5;249mr[0m[38;5;249mo[0m[38;5;249mw[0m[38;5;249mR[0m[38;5;249mi[0m[38;5;249mg[0m[38;5;249mh[0m[38;5;249mt[0m[38;5;249m [0m[38;5;249ms[0m[38;5;249mi[0m[38;5;249mz[0m[38;5;249me[0m[38;5;249m=[0m[38;5;249m{[0m[38;5;249m1[0m[38;5;249m4[0m[38;5;249m}[0m[38;5;249m [0m[38;5;249m/[0m[38;5;249m>[0m
 [38;5;240m    │[0m                                               ─┬  
 [38;5;240m    │[0m                                                ╰── 
[38;5;246m─────╯[0m
[39m
  Plugin: [35mvite:oxc[39m
  File: [36mC:/Users/ADMIN/OneDrive/Desktop/harvestlink/harvestlink_frontend_original_style_backend_ready/harvestlink-frontend/src/pages/BuyerProfile.jsx[39m
      at transformWithOxc (file:///C:/Users/ADMIN/OneDrive/Desktop/harvestlink/harvestlink_frontend_original_style_backend_ready/harvestlink-frontend/node_modules/vite/dist/node/chunks/node.js:3340:19)
      at TransformPluginContext.transform (file:///C:/Users/ADMIN/OneDrive/Desktop/harvestlink/harvestlink_frontend_original_style_backend_ready/harvestlink-frontend/node_modules/vite/dist/node/chunks/node.js:3408:26)
      at EnvironmentPluginContainer.transform (file:///C:/Users/ADMIN/OneDrive/Desktop/harvestlink/harvestlink_frontend_original_style_backend_ready/harvestlink-frontend/node_modules/vite/dist/node/chunks/node.js:30193:51)
      at async loadAndTransform (file:///C:/Users/ADMIN/OneDrive/Desktop/harvestlink/harvestlink_frontend_original_style_backend_ready/harvestlink-frontend/node_modules/vite/dist/node/chunks/node.js:24511:26)
      at async viteTransformMiddleware (file:///C:/Users/ADMIN/OneDrive/Desktop/harvestlink/harvestlink_frontend_original_style_backend_ready/harvestlink-frontend/node_modules/vite/dist/node/chunks/node.js:24305:20)
[2m8:23:22 AM[22m [31m[1m[vite][22m[39m [31m[2m(client)[22m[39m Pre-transform error: Transform failed with 1 error:

[31m[PARSE_ERROR] Error:[0m Unexpected token
     [38;5;246m╭[0m[38;5;246m─[0m[38;5;246m[[0m src/pages/BuyerProfile.jsx:536:23 [38;5;246m][0m
     [38;5;246m│[0m
 [38;5;246m536 │[0m [38;5;249m [0m[38;5;249m [0m[38;5;249m [0m[38;5;249m [0m[38;5;249m [0m[38;5;249m [0m[38;5;249m [0m[38;5;249m [0m[38;5;249m [0m[38;5;249m [0m[38;5;249m [0m[38;5;249m [0m[38;5;249m [0m[38;5;249m [0m[38;5;249m [0m[38;5;249m [0m[38;5;249m [0m[38;5;249m [0m[38;5;249m<[0m[38;5;249m/[0m[38;5;249mp[0m[38;5;249m>[0m
 [38;5;240m    │[0m                       ─┬  
 [38;5;240m    │[0m                        ╰── 
[38;5;246m─────╯[0m

  Plugin: [35mvite:oxc[39m
  File: [36mC:/Users/ADMIN/OneDrive/Desktop/harvestlink/harvestlink_frontend_original_style_backend_ready/harvestlink-frontend/src/pages/BuyerProfile.jsx[39m
[2m8:23:22 AM[22m [31m[1m[vite][22m[39m [31mInternal server error: Transform failed with 1 error:

[31m[PARSE_ERROR] Error:[0m Unexpected token
     [38;5;246m╭[0m[38;5;246m─[0m[38;5;246m[[0m src/pages/BuyerProfile.jsx:536:23 [38;5;246m][0m
     [38;5;246m│[0m
 [38;5;246m536 │[0m [38;5;249m [0m[38;5;249m [0m[38;5;249m [0m[38;5;249m [0m[38;5;249m [0m[38;5;249m [0m[38;5;249m [0m[38;5;249m [0m[38;5;249m [0m[38;5;249m [0m[38;5;249m [0m[38;5;249m [0m[38;5;249m [0m[38;5;249m [0m[38;5;249m [0m[38;5;249m [0m[38;5;249m [0m[38;5;249m [0m[38;5;249m<[0m[38;5;249m/[0m[38;5;249mp[0m[38;5;249m>[0m
 [38;5;240m    │[0m                       ─┬  
 [38;5;240m    │[0m                        ╰── 
[38;5;246m─────╯[0m
[39m
  Plugin: [35mvite:oxc[39m
  File: [36mC:/Users/ADMIN/OneDrive/Desktop/harvestlink/harvestlink_frontend_original_style_backend_ready/harvestlink-frontend/src/pages/BuyerProfile.jsx[39m
      at transformWithOxc (file:///C:/Users/ADMIN/OneDrive/Desktop/harvestlink/harvestlink_frontend_original_style_backend_ready/harvestlink-frontend/node_modules/vite/dist/node/chunks/node.js:3340:19)
      at TransformPluginContext.transform (file:///C:/Users/ADMIN/OneDrive/Desktop/harvestlink/harvestlink_frontend_original_style_backend_ready/harvestlink-frontend/node_modules/vite/dist/node/chunks/node.js:3408:26)
      at EnvironmentPluginContainer.transform (file:///C:/Users/ADMIN/OneDrive/Desktop/harvestlink/harvestlink_frontend_original_style_backend_ready/harvestlink-frontend/node_modules/vite/dist/node/chunks/node.js:30193:51)
      at async loadAndTransform (file:///C:/Users/ADMIN/OneDrive/Desktop/harvestlink/harvestlink_frontend_original_style_backend_ready/harvestlink-frontend/node_modules/vite/dist/node/chunks/node.js:24511:26)
      at async viteTransformMiddleware (file:///C:/Users/ADMIN/OneDrive/Desktop/harvestlink/harvestlink_frontend_original_style_backend_ready/harvestlink-frontend/node_modules/vite/dist/node/chunks/node.js:24305:20)
[2m8:23:27 AM[22m [31m[1m[vite][22m[39m [31m[2m(client)[22m[39m Pre-transform error: Transform failed with 1 error:

[31m[PARSE_ERROR] Error:[0m Expected `}` but found `EOF`
     [38;5;246m╭[0m[38;5;246m─[0m[38;5;246m[[0m src/pages/BuyerProfile.jsx:567:7 [38;5;246m][0m
     [38;5;246m│[0m
 [38;5;246m 23 │[0m [38;5;249me[0m[38;5;249mx[0m[38;5;249mp[0m[38;5;249mo[0m[38;5;249mr[0m[38;5;249mt[0m[38;5;249m [0m[38;5;249md[0m[38;5;249me[0m[38;5;249mf[0m[38;5;249ma[0m[38;5;249mu[0m[38;5;249ml[0m[38;5;249mt[0m[38;5;249m [0m[38;5;249mf[0m[38;5;249mu[0m[38;5;249mn[0m[38;5;249mc[0m[38;5;249mt[0m[38;5;249mi[0m[38;5;249mo[0m[38;5;249mn[0m[38;5;249m [0m[38;5;249mB[0m[38;5;249mu[0m[38;5;249my[0m[38;5;249me[0m[38;5;249mr[0m[38;5;249mP[0m[38;5;249mr[0m[38;5;249mo[0m[38;5;249mf[0m[38;5;249mi[0m[38;5;249ml[0m[38;5;249me[0m[38;5;249m([0m[38;5;249m)[0m[38;5;249m [0m{
 [38;5;240m    │[0m                                        ┬  
 [38;5;240m    │[0m                                        ╰── Opened here
 [38;5;240m    │[0m 
 [38;5;246m567 │[0m [38;5;249m [0m[38;5;249m [0m[38;5;249m)[0m[38;5;249m;[0m
 [38;5;240m    │[0m       │ 
 [38;5;240m    │[0m       ╰─ `}` expected
[38;5;246m─────╯[0m

  Plugin: [35mvite:oxc[39m
  File: [36mC:/Users/ADMIN/OneDrive/Desktop/harvestlink/harvestlink_frontend_original_style_backend_ready/harvestlink-frontend/src/pages/BuyerProfile.jsx[39m
[2m8:23:27 AM[22m [31m[1m[vite][22m[39m [31mInternal server error: Transform failed with 1 error:

[31m[PARSE_ERROR] Error:[0m Expected `}` but found `EOF`
     [38;5;246m╭[0m[38;5;246m─[0m[38;5;246m[[0m src/pages/BuyerProfile.jsx:567:7 [38;5;246m][0m
     [38;5;246m│[0m
 [38;5;246m 23 │[0m [38;5;249me[0m[38;5;249mx[0m[38;5;249mp[0m[38;5;249mo[0m[38;5;249mr[0m[38;5;249mt[0m[38;5;249m [0m[38;5;249md[0m[38;5;249me[0m[38;5;249mf[0m[38;5;249ma[0m[38;5;249mu[0m[38;5;249ml[0m[38;5;249mt[0m[38;5;249m [0m[38;5;249mf[0m[38;5;249mu[0m[38;5;249mn[0m[38;5;249mc[0m[38;5;249mt[0m[38;5;249mi[0m[38;5;249mo[0m[38;5;249mn[0m[38;5;249m [0m[38;5;249mB[0m[38;5;249mu[0m[38;5;249my[0m[38;5;249me[0m[38;5;249mr[0m[38;5;249mP[0m[38;5;249mr[0m[38;5;249mo[0m[38;5;249mf[0m[38;5;249mi[0m[38;5;249ml[0m[38;5;249me[0m[38;5;249m([0m[38;5;249m)[0m[38;5;249m [0m{
 [38;5;240m    │[0m                                        ┬  
 [38;5;240m    │[0m                                        ╰── Opened here
 [38;5;240m    │[0m 
 [38;5;246m567 │[0m [38;5;249m [0m[38;5;249m [0m[38;5;249m)[0m[38;5;249m;[0m
 [38;5;240m    │[0m       │ 
 [38;5;240m    │[0m       ╰─ `}` expected
[38;5;246m─────╯[0m
[39m
  Plugin: [35mvite:oxc[39m
  File: [36mC:/Users/ADMIN/OneDrive/Desktop/harvestlink/harvestlink_frontend_original_style_backend_ready/harvestlink-frontend/src/pages/BuyerProfile.jsx[39m
      at transformWithOxc (file:///C:/Users/ADMIN/OneDrive/Desktop/harvestlink/harvestlink_frontend_original_style_backend_ready/harvestlink-frontend/node_modules/vite/dist/node/chunks/node.js:3340:19)
      at TransformPluginContext.transform (file:///C:/Users/ADMIN/OneDrive/Desktop/harvestlink/harvestlink_frontend_original_style_backend_ready/harvestlink-frontend/node_modules/vite/dist/node/chunks/node.js:3408:26)
      at EnvironmentPluginContainer.transform (file:///C:/Users/ADMIN/OneDrive/Desktop/harvestlink/harvestlink_frontend_original_style_backend_ready/harvestlink-frontend/node_modules/vite/dist/node/chunks/node.js:30193:51)
      at async loadAndTransform (file:///C:/Users/ADMIN/OneDrive/Desktop/harvestlink/harvestlink_frontend_original_style_backend_ready/harvestlink-frontend/node_modules/vite/dist/node/chunks/node.js:24511:26)
      at async viteTransformMiddleware (file:///C:/Users/ADMIN/OneDrive/Desktop/harvestlink/harvestlink_frontend_original_style_backend_ready/harvestlink-frontend/node_modules/vite/dist/node/chunks/node.js:24305:20)
[2m8:23:28 AM[22m [31m[1m[vite][22m[39m [31m[2m(client)[22m[39m Pre-transform error: Transform failed with 1 error:

[31m[PARSE_ERROR] Error:[0m Expected `}` but found `EOF`
     [38;5;246m╭[0m[38;5;246m─[0m[38;5;246m[[0m src/pages/BuyerProfile.jsx:567:7 [38;5;246m][0m
     [38;5;246m│[0m
 [38;5;246m 23 │[0m [38;5;249me[0m[38;5;249mx[0m[38;5;249mp[0m[38;5;249mo[0m[38;5;249mr[0m[38;5;249mt[0m[38;5;249m [0m[38;5;249md[0m[38;5;249me[0m[38;5;249mf[0m[38;5;249ma[0m[38;5;249mu[0m[38;5;249ml[0m[38;5;249mt[0m[38;5;249m [0m[38;5;249mf[0m[38;5;249mu[0m[38;5;249mn[0m[38;5;249mc[0m[38;5;249mt[0m[38;5;249mi[0m[38;5;249mo[0m[38;5;249mn[0m[38;5;249m [0m[38;5;249mB[0m[38;5;249mu[0m[38;5;249my[0m[38;5;249me[0m[38;5;249mr[0m[38;5;249mP[0m[38;5;249mr[0m[38;5;249mo[0m[38;5;249mf[0m[38;5;249mi[0m[38;5;249ml[0m[38;5;249me[0m[38;5;249m([0m[38;5;249m)[0m[38;5;249m [0m{
 [38;5;240m    │[0m                                        ┬  
 [38;5;240m    │[0m                                        ╰── Opened here
 [38;5;240m    │[0m 
 [38;5;246m567 │[0m [38;5;249m [0m[38;5;249m [0m[38;5;249m)[0m[38;5;249m;[0m
 [38;5;240m    │[0m       │ 
 [38;5;240m    │[0m       ╰─ `}` expected
[38;5;246m─────╯[0m

  Plugin: [35mvite:oxc[39m
  File: [36mC:/Users/ADMIN/OneDrive/Desktop/harvestlink/harvestlink_frontend_original_style_backend_ready/harvestlink-frontend/src/pages/BuyerProfile.jsx[39m
[2m8:23:28 AM[22m [31m[1m[vite][22m[39m [31mInternal server error: Transform failed with 1 error:

[31m[PARSE_ERROR] Error:[0m Expected `}` but found `EOF`
     [38;5;246m╭[0m[38;5;246m─[0m[38;5;246m[[0m src/pages/BuyerProfile.jsx:567:7 [38;5;246m][0m
     [38;5;246m│[0m
 [38;5;246m 23 │[0m [38;5;249me[0m[38;5;249mx[0m[38;5;249mp[0m[38;5;249mo[0m[38;5;249mr[0m[38;5;249mt[0m[38;5;249m [0m[38;5;249md[0m[38;5;249me[0m[38;5;249mf[0m[38;5;249ma[0m[38;5;249mu[0m[38;5;249ml[0m[38;5;249mt[0m[38;5;249m [0m[38;5;249mf[0m[38;5;249mu[0m[38;5;249mn[0m[38;5;249mc[0m[38;5;249mt[0m[38;5;249mi[0m[38;5;249mo[0m[38;5;249mn[0m[38;5;249m [0m[38;5;249mB[0m[38;5;249mu[0m[38;5;249my[0m[38;5;249me[0m[38;5;249mr[0m[38;5;249mP[0m[38;5;249mr[0m[38;5;249mo[0m[38;5;249mf[0m[38;5;249mi[0m[38;5;249ml[0m[38;5;249me[0m[38;5;249m([0m[38;5;249m)[0m[38;5;249m [0m{
 [38;5;240m    │[0m                                        ┬  
 [38;5;240m    │[0m                                        ╰── Opened here
 [38;5;240m    │[0m 
 [38;5;246m567 │[0m [38;5;249m [0m[38;5;249m [0m[38;5;249m)[0m[38;5;249m;[0m
 [38;5;240m    │[0m       │ 
 [38;5;240m    │[0m       ╰─ `}` expected
[38;5;246m─────╯[0m
[39m
  Plugin: [35mvite:oxc[39m
  File: [36mC:/Users/ADMIN/OneDrive/Desktop/harvestlink/harvestlink_frontend_original_style_backend_ready/harvestlink-frontend/src/pages/BuyerProfile.jsx[39m
      at transformWithOxc (file:///C:/Users/ADMIN/OneDrive/Desktop/harvestlink/harvestlink_frontend_original_style_backend_ready/harvestlink-frontend/node_modules/vite/dist/node/chunks/node.js:3340:19)
      at TransformPluginContext.transform (file:///C:/Users/ADMIN/OneDrive/Desktop/harvestlink/harvestlink_frontend_original_style_backend_ready/harvestlink-frontend/node_modules/vite/dist/node/chunks/node.js:3408:26)
      at EnvironmentPluginContainer.transform (file:///C:/Users/ADMIN/OneDrive/Desktop/harvestlink/harvestlink_frontend_original_style_backend_ready/harvestlink-frontend/node_modules/vite/dist/node/chunks/node.js:30193:51)
      at async loadAndTransform (file:///C:/Users/ADMIN/OneDrive/Desktop/harvestlink/harvestlink_frontend_original_style_backend_ready/harvestlink-frontend/node_modules/vite/dist/node/chunks/node.js:24511:26)
      at async viteTransformMiddleware (file:///C:/Users/ADMIN/OneDrive/Desktop/harvestlink/harvestlink_frontend_original_style_backend_ready/harvestlink-frontend/node_modules/vite/dist/node/chunks/node.js:24305:20)
[2m8:47:55 AM[22m [31m[1m[vite][22m[39m [31m[2m(client)[22m[39m Pre-transform error: Transform failed with 1 error:

[31m[PARSE_ERROR] Error:[0m Unexpected token
     [38;5;246m╭[0m[38;5;246m─[0m[38;5;246m[[0m src/components/layout/Navbar.jsx:213:180 [38;5;246m][0m
     [38;5;246m│[0m
 [38;5;246m213 │[0m ╭─▶ [38;5;249m [0m[38;5;249m [0m[38;5;249m [0m[38;5;249m [0m[38;5;249m [0m[38;5;249m [0m[38;5;249m [0m[38;5;249m [0m[38;5;249m [0m[38;5;249m [0m[38;5;249m [0m[38;5;249m [0m[38;5;249m [0m[38;5;249m [0m[38;5;249m [0m[38;5;249m [0m[38;5;249m<[0m[38;5;249mb[0m[38;5;249mu[0m[38;5;249mt[0m[38;5;249mt[0m[38;5;249mo[0m[38;5;249mn[0m[38;5;249m [0m[38;5;249mo[0m[38;5;249mn[0m[38;5;249mC[0m[38;5;249ml[0m[38;5;249mi[0m[38;5;249mc[0m[38;5;249mk[0m[38;5;249m=[0m[38;5;249m{[0m[38;5;249m([0m[38;5;249m)[0m[38;5;249m [0m[38;5;249m=[0m[38;5;249m>[0m[38;5;249m [0m[38;5;249m{[0m[38;5;249m [0m[38;5;249ml[0m[38;5;249mo[0m[38;5;249mg[0m[38;5;249mo[0m[38;5;249mu[0m[38;5;249mt[0m[38;5;249m([0m[38;5;249m)[0m[38;5;249m;[0m[38;5;249m [0m[38;5;249ms[0m[38;5;249me[0m[38;5;249mt[0m[38;5;249mM[0m[38;5;249mo[0m[38;5;249mb[0m[38;5;249mi[0m[38;5;249ml[0m[38;5;249me[0m[38;5;249mO[0m[38;5;249mp[0m[38;5;249me[0m[38;5;249mn[0m[38;5;249m([0m[38;5;249mf[0m[38;5;249ma[0m[38;5;249ml[0m[38;5;249ms[0m[38;5;249me[0m[38;5;249m)[0m[38;5;249m;[0m[38;5;249m [0m[38;5;249m}[0m[38;5;249m}[0m[38;5;249m [0m[38;5;249mc[0m[38;5;249ml[0m[38;5;249ma[0m[38;5;249ms[0m[38;5;249ms[0m[38;5;249mN[0m[38;5;249ma[0m[38;5;249mm[0m[38;5;249me[0m[38;5;249m=[0m[38;5;249m"[0m[38;5;249mb[0m[38;5;249ml[0m[38;5;249mo[0m[38;5;249mc[0m[38;5;249mk[0m[38;5;249m [0m[38;5;249mw[0m[38;5;249m-[0m[38;5;249mf[0m[38;5;249mu[0m[38;5;249ml[0m[38;5;249ml[0m[38;5;249m [0m[38;5;249mr[0m[38;5;249mo[0m[38;5;249mu[0m[38;5;249mn[0m[38;5;249md[0m[38;5;249me[0m[38;5;249md[0m[38;5;249m-[0m[38;5;249mx[0m[38;5;249ml[0m[38;5;249m [0m[38;5;249mp[0m[38;5;249mx[0m[38;5;249m-[0m[38;5;249m4[0m[38;5;249m [0m[38;5;249mp[0m[38;5;249my[0m[38;5;249m-[0m[38;5;249m3[0m[38;5;249m [0m[38;5;249mt[0m[38;5;249me[0m[38;5;249mx[0m[38;5;249mt[0m[38;5;249m-[0m[38;5;249ml[0m[38;5;249me[0m[38;5;249mf[0m[38;5;249mt[0m[38;5;249m [0m[38;5;249mt[0m[38;5;249me[0m[38;5;249mx[0m[38;5;249mt[0m[38;5;249m-[0m[38;5;249ms[0m[38;5;249mm[0m[38;5;249m [0m[38;5;249mf[0m[38;5;249mo[0m[38;5;249mn[0m[38;5;249mt[0m[38;5;249m-[0m[38;5;249mb[0m[38;5;249mo[0m[38;5;249ml[0m[38;5;249md[0m[38;5;249m [0m[38;5;249mt[0m[38;5;249me[0m[38;5;249mx[0m[38;5;249mt[0m[38;5;249m-[0m[38;5;249mr[0m[38;5;249me[0m[38;5;249md[0m[38;5;249m-[0m[38;5;249m6[0m[38;5;249m0[0m[38;5;249m0[0m[38;5;249m [0m[38;5;249mh[0m[38;5;249mo[0m[38;5;249mv[0m[38;5;249me[0m[38;5;249mr[0m[38;5;249m:[0m[38;5;249mb[0m[38;5;249mg[0m[38;5;249m-[0m[38;5;249mr[0m[38;5;249me[0m[38;5;249md[0m[38;5;249m-[0m[38;5;249m5[0m[38;5;249m0[0m[38;5;249m"[0m[38;5;249m>[0m
 [38;5;246m214 │[0m ├─▶                   Logout
 [38;5;240m    │[0m │                              
 [38;5;240m    │[0m ╰────────────────────────────── 
[38;5;246m─────╯[0m

  Plugin: [35mvite:oxc[39m
  File: [36mC:/Users/ADMIN/OneDrive/Desktop/harvestlink/harvestlink_frontend_original_style_backend_ready/harvestlink-frontend/src/components/layout/Navbar.jsx[39m
[2m8:47:55 AM[22m [31m[1m[vite][22m[39m [31mInternal server error: Transform failed with 1 error:

[31m[PARSE_ERROR] Error:[0m Unexpected token
     [38;5;246m╭[0m[38;5;246m─[0m[38;5;246m[[0m src/components/layout/Navbar.jsx:213:180 [38;5;246m][0m
     [38;5;246m│[0m
 [38;5;246m213 │[0m ╭─▶ [38;5;249m [0m[38;5;249m [0m[38;5;249m [0m[38;5;249m [0m[38;5;249m [0m[38;5;249m [0m[38;5;249m [0m[38;5;249m [0m[38;5;249m [0m[38;5;249m [0m[38;5;249m [0m[38;5;249m [0m[38;5;249m [0m[38;5;249m [0m[38;5;249m [0m[38;5;249m [0m[38;5;249m<[0m[38;5;249mb[0m[38;5;249mu[0m[38;5;249mt[0m[38;5;249mt[0m[38;5;249mo[0m[38;5;249mn[0m[38;5;249m [0m[38;5;249mo[0m[38;5;249mn[0m[38;5;249mC[0m[38;5;249ml[0m[38;5;249mi[0m[38;5;249mc[0m[38;5;249mk[0m[38;5;249m=[0m[38;5;249m{[0m[38;5;249m([0m[38;5;249m)[0m[38;5;249m [0m[38;5;249m=[0m[38;5;249m>[0m[38;5;249m [0m[38;5;249m{[0m[38;5;249m [0m[38;5;249ml[0m[38;5;249mo[0m[38;5;249mg[0m[38;5;249mo[0m[38;5;249mu[0m[38;5;249mt[0m[38;5;249m([0m[38;5;249m)[0m[38;5;249m;[0m[38;5;249m [0m[38;5;249ms[0m[38;5;249me[0m[38;5;249mt[0m[38;5;249mM[0m[38;5;249mo[0m[38;5;249mb[0m[38;5;249mi[0m[38;5;249ml[0m[38;5;249me[0m[38;5;249mO[0m[38;5;249mp[0m[38;5;249me[0m[38;5;249mn[0m[38;5;249m([0m[38;5;249mf[0m[38;5;249ma[0m[38;5;249ml[0m[38;5;249ms[0m[38;5;249me[0m[38;5;249m)[0m[38;5;249m;[0m[38;5;249m [0m[38;5;249m}[0m[38;5;249m}[0m[38;5;249m [0m[38;5;249mc[0m[38;5;249ml[0m[38;5;249ma[0m[38;5;249ms[0m[38;5;249ms[0m[38;5;249mN[0m[38;5;249ma[0m[38;5;249mm[0m[38;5;249me[0m[38;5;249m=[0m[38;5;249m"[0m[38;5;249mb[0m[38;5;249ml[0m[38;5;249mo[0m[38;5;249mc[0m[38;5;249mk[0m[38;5;249m [0m[38;5;249mw[0m[38;5;249m-[0m[38;5;249mf[0m[38;5;249mu[0m[38;5;249ml[0m[38;5;249ml[0m[38;5;249m [0m[38;5;249mr[0m[38;5;249mo[0m[38;5;249mu[0m[38;5;249mn[0m[38;5;249md[0m[38;5;249me[0m[38;5;249md[0m[38;5;249m-[0m[38;5;249mx[0m[38;5;249ml[0m[38;5;249m [0m[38;5;249mp[0m[38;5;249mx[0m[38;5;249m-[0m[38;5;249m4[0m[38;5;249m [0m[38;5;249mp[0m[38;5;249my[0m[38;5;249m-[0m[38;5;249m3[0m[38;5;249m [0m[38;5;249mt[0m[38;5;249me[0m[38;5;249mx[0m[38;5;249mt[0m[38;5;249m-[0m[38;5;249ml[0m[38;5;249me[0m[38;5;249mf[0m[38;5;249mt[0m[38;5;249m [0m[38;5;249mt[0m[38;5;249me[0m[38;5;249mx[0m[38;5;249mt[0m[38;5;249m-[0m[38;5;249ms[0m[38;5;249mm[0m[38;5;249m [0m[38;5;249mf[0m[38;5;249mo[0m[38;5;249mn[0m[38;5;249mt[0m[38;5;249m-[0m[38;5;249mb[0m[38;5;249mo[0m[38;5;249ml[0m[38;5;249md[0m[38;5;249m [0m[38;5;249mt[0m[38;5;249me[0m[38;5;249mx[0m[38;5;249mt[0m[38;5;249m-[0m[38;5;249mr[0m[38;5;249me[0m[38;5;249md[0m[38;5;249m-[0m[38;5;249m6[0m[38;5;249m0[0m[38;5;249m0[0m[38;5;249m [0m[38;5;249mh[0m[38;5;249mo[0m[38;5;249mv[0m[38;5;249me[0m[38;5;249mr[0m[38;5;249m:[0m[38;5;249mb[0m[38;5;249mg[0m[38;5;249m-[0m[38;5;249mr[0m[38;5;249me[0m[38;5;249md[0m[38;5;249m-[0m[38;5;249m5[0m[38;5;249m0[0m[38;5;249m"[0m[38;5;249m>[0m
 [38;5;246m214 │[0m ├─▶                   Logout
 [38;5;240m    │[0m │                              
 [38;5;240m    │[0m ╰────────────────────────────── 
[38;5;246m─────╯[0m
[39m
  Plugin: [35mvite:oxc[39m
  File: [36mC:/Users/ADMIN/OneDrive/Desktop/harvestlink/harvestlink_frontend_original_style_backend_ready/harvestlink-frontend/src/components/layout/Navbar.jsx[39m
      at transformWithOxc (file:///C:/Users/ADMIN/OneDrive/Desktop/harvestlink/harvestlink_frontend_original_style_backend_ready/harvestlink-frontend/node_modules/vite/dist/node/chunks/node.js:3340:19)
      at TransformPluginContext.transform (file:///C:/Users/ADMIN/OneDrive/Desktop/harvestlink/harvestlink_frontend_original_style_backend_ready/harvestlink-frontend/node_modules/vite/dist/node/chunks/node.js:3408:26)
      at EnvironmentPluginContainer.transform (file:///C:/Users/ADMIN/OneDrive/Desktop/harvestlink/harvestlink_frontend_original_style_backend_ready/harvestlink-frontend/node_modules/vite/dist/node/chunks/node.js:30193:51)
      at async loadAndTransform (file:///C:/Users/ADMIN/OneDrive/Desktop/harvestlink/harvestlink_frontend_original_style_backend_ready/harvestlink-frontend/node_modules/vite/dist/node/chunks/node.js:24511:26)
      at async viteTransformMiddleware (file:///C:/Users/ADMIN/OneDrive/Desktop/harvestlink/harvestlink_frontend_original_style_backend_ready/harvestlink-frontend/node_modules/vite/dist/node/chunks/node.js:24305:20)
[2m8:48:38 AM[22m [31m[1m[vite][22m[39m [31m[2m(client)[22m[39m Pre-transform error: Transform failed with 1 error:

[31m[PARSE_ERROR] Error:[0m Expected a semicolon or an implicit semicolon after a statement, but found none
   [38;5;246m╭[0m[38;5;246m─[0m[38;5;246m[[0m src/components/layout/Navbar.jsx:3:9 [38;5;246m][0m
   [38;5;246m│[0m
 [38;5;246m3 │[0m [38;5;249mi[0m[38;5;249mm[0m[38;5;249mi[0m[38;5;249mm[0m[38;5;249mp[0m[38;5;249mo[0m[38;5;249mr[0m[38;5;249mt[0m[38;5;249m [0m[38;5;249m{[0m[38;5;249m [0m[38;5;249mL[0m[38;5;249me[0m[38;5;249ma[0m[38;5;249mf[0m[38;5;249m,[0m[38;5;249m [0m[38;5;249mL[0m[38;5;249mo[0m[38;5;249mg[0m[38;5;249mO[0m[38;5;249mu[0m[38;5;249mt[0m[38;5;249m,[0m[38;5;249m [0m[38;5;249mM[0m[38;5;249me[0m[38;5;249mn[0m[38;5;249mu[0m[38;5;249m,[0m[38;5;249m [0m[38;5;249mP[0m[38;5;249ma[0m[38;5;249mc[0m[38;5;249mk[0m[38;5;249ma[0m[38;5;249mg[0m[38;5;249me[0m[38;5;249mP[0m[38;5;249ml[0m[38;5;249mu[0m[38;5;249ms[0m[38;5;249m [0m[38;5;249m}[0m[38;5;249m [0m[38;5;249mf[0m[38;5;249mr[0m[38;5;249mo[0m[38;5;249mm[0m[38;5;249m [0m[38;5;249m"[0m[38;5;249ml[0m[38;5;249mu[0m[38;5;249mc[0m[38;5;249mi[0m[38;5;249md[0m[38;5;249me[0m[38;5;249m-[0m[38;5;249mr[0m[38;5;249me[0m[38;5;249ma[0m[38;5;249mc[0m[38;5;249mt[0m[38;5;249m"[0m[38;5;249m;[0m
 [38;5;240m  │[0m         │ 
 [38;5;240m  │[0m         ╰─ 
 [38;5;240m  │[0m 
 [38;5;240m  │[0m [38;5;115mHelp[0m: Try inserting a semicolon here
[38;5;246m───╯[0m

  Plugin: [35mvite:oxc[39m
  File: [36mC:/Users/ADMIN/OneDrive/Desktop/harvestlink/harvestlink_frontend_original_style_backend_ready/harvestlink-frontend/src/components/layout/Navbar.jsx[39m
[2m8:48:38 AM[22m [31m[1m[vite][22m[39m [31mInternal server error: Transform failed with 1 error:

[31m[PARSE_ERROR] Error:[0m Expected a semicolon or an implicit semicolon after a statement, but found none
   [38;5;246m╭[0m[38;5;246m─[0m[38;5;246m[[0m src/components/layout/Navbar.jsx:3:9 [38;5;246m][0m
   [38;5;246m│[0m
 [38;5;246m3 │[0m [38;5;249mi[0m[38;5;249mm[0m[38;5;249mi[0m[38;5;249mm[0m[38;5;249mp[0m[38;5;249mo[0m[38;5;249mr[0m[38;5;249mt[0m[38;5;249m [0m[38;5;249m{[0m[38;5;249m [0m[38;5;249mL[0m[38;5;249me[0m[38;5;249ma[0m[38;5;249mf[0m[38;5;249m,[0m[38;5;249m [0m[38;5;249mL[0m[38;5;249mo[0m[38;5;249mg[0m[38;5;249mO[0m[38;5;249mu[0m[38;5;249mt[0m[38;5;249m,[0m[38;5;249m [0m[38;5;249mM[0m[38;5;249me[0m[38;5;249mn[0m[38;5;249mu[0m[38;5;249m,[0m[38;5;249m [0m[38;5;249mP[0m[38;5;249ma[0m[38;5;249mc[0m[38;5;249mk[0m[38;5;249ma[0m[38;5;249mg[0m[38;5;249me[0m[38;5;249mP[0m[38;5;249ml[0m[38;5;249mu[0m[38;5;249ms[0m[38;5;249m [0m[38;5;249m}[0m[38;5;249m [0m[38;5;249mf[0m[38;5;249mr[0m[38;5;249mo[0m[38;5;249mm[0m[38;5;249m [0m[38;5;249m"[0m[38;5;249ml[0m[38;5;249mu[0m[38;5;249mc[0m[38;5;249mi[0m[38;5;249md[0m[38;5;249me[0m[38;5;249m-[0m[38;5;249mr[0m[38;5;249me[0m[38;5;249ma[0m[38;5;249mc[0m[38;5;249mt[0m[38;5;249m"[0m[38;5;249m;[0m
 [38;5;240m  │[0m         │ 
 [38;5;240m  │[0m         ╰─ 
 [38;5;240m  │[0m 
 [38;5;240m  │[0m [38;5;115mHelp[0m: Try inserting a semicolon here
[38;5;246m───╯[0m
[39m
  Plugin: [35mvite:oxc[39m
  File: [36mC:/Users/ADMIN/OneDrive/Desktop/harvestlink/harvestlink_frontend_original_style_backend_ready/harvestlink-frontend/src/components/layout/Navbar.jsx[39m
      at transformWithOxc (file:///C:/Users/ADMIN/OneDrive/Desktop/harvestlink/harvestlink_frontend_original_style_backend_ready/harvestlink-frontend/node_modules/vite/dist/node/chunks/node.js:3340:19)
      at TransformPluginContext.transform (file:///C:/Users/ADMIN/OneDrive/Desktop/harvestlink/harvestlink_frontend_original_style_backend_ready/harvestlink-frontend/node_modules/vite/dist/node/chunks/node.js:3408:26)
      at EnvironmentPluginContainer.transform (file:///C:/Users/ADMIN/OneDrive/Desktop/harvestlink/harvestlink_frontend_original_style_backend_ready/harvestlink-frontend/node_modules/vite/dist/node/chunks/node.js:30193:51)
      at async loadAndTransform (file:///C:/Users/ADMIN/OneDrive/Desktop/harvestlink/harvestlink_frontend_original_style_backend_ready/harvestlink-frontend/node_modules/vite/dist/node/chunks/node.js:24511:26)
      at async viteTransformMiddleware (file:///C:/Users/ADMIN/OneDrive/Desktop/harvestlink/harvestlink_frontend_original_style_backend_ready/harvestlink-frontend/node_modules/vite/dist/node/chunks/node.js:24305:20)
[2m8:48:46 AM[22m [31m[1m[vite][22m[39m [31m[2m(client)[22m[39m Pre-transform error: Transform failed with 1 error:

[31m[PARSE_ERROR] Error:[0m Unexpected token
     [38;5;246m╭[0m[38;5;246m─[0m[38;5;246m[[0m src/components/layout/Navbar.jsx:220:9 [38;5;246m][0m
     [38;5;246m│[0m
 [38;5;246m220 │[0m ╭─▶ [38;5;249m [0m[38;5;249m [0m[38;5;249m [0m[38;5;249m [0m[38;5;249m [0m[38;5;249m [0m[38;5;249m)[0m[38;5;249m}[0m
 [38;5;246m221 │[0m ├─▶ 
 [38;5;240m    │[0m │      
 [38;5;240m    │[0m ╰────── 
[38;5;246m─────╯[0m

  Plugin: [35mvite:oxc[39m
  File: [36mC:/Users/ADMIN/OneDrive/Desktop/harvestlink/harvestlink_frontend_original_style_backend_ready/harvestlink-frontend/src/components/layout/Navbar.jsx[39m
[2m8:48:47 AM[22m [31m[1m[vite][22m[39m [31mInternal server error: Transform failed with 1 error:

[31m[PARSE_ERROR] Error:[0m Unexpected token
     [38;5;246m╭[0m[38;5;246m─[0m[38;5;246m[[0m src/components/layout/Navbar.jsx:220:9 [38;5;246m][0m
     [38;5;246m│[0m
 [38;5;246m220 │[0m ╭─▶ [38;5;249m [0m[38;5;249m [0m[38;5;249m [0m[38;5;249m [0m[38;5;249m [0m[38;5;249m [0m[38;5;249m)[0m[38;5;249m}[0m
 [38;5;246m221 │[0m ├─▶ 
 [38;5;240m    │[0m │      
 [38;5;240m    │[0m ╰────── 
[38;5;246m─────╯[0m
[39m
  Plugin: [35mvite:oxc[39m
  File: [36mC:/Users/ADMIN/OneDrive/Desktop/harvestlink/harvestlink_frontend_original_style_backend_ready/harvestlink-frontend/src/components/layout/Navbar.jsx[39m
      at transformWithOxc (file:///C:/Users/ADMIN/OneDrive/Desktop/harvestlink/harvestlink_frontend_original_style_backend_ready/harvestlink-frontend/node_modules/vite/dist/node/chunks/node.js:3340:19)
      at TransformPluginContext.transform (file:///C:/Users/ADMIN/OneDrive/Desktop/harvestlink/harvestlink_frontend_original_style_backend_ready/harvestlink-frontend/node_modules/vite/dist/node/chunks/node.js:3408:26)
      at EnvironmentPluginContainer.transform (file:///C:/Users/ADMIN/OneDrive/Desktop/harvestlink/harvestlink_frontend_original_style_backend_ready/harvestlink-frontend/node_modules/vite/dist/node/chunks/node.js:30193:51)
      at async loadAndTransform (file:///C:/Users/ADMIN/OneDrive/Desktop/harvestlink/harvestlink_frontend_original_style_backend_ready/harvestlink-frontend/node_modules/vite/dist/node/chunks/node.js:24511:26)
      at async viteTransformMiddleware (file:///C:/Users/ADMIN/OneDrive/Desktop/harvestlink/harvestlink_frontend_original_style_backend_ready/harvestlink-frontend/node_modules/vite/dist/node/chunks/node.js:24305:20)
[2m8:49:11 AM[22m [31m[1m[vite][22m[39m [31m[2m(client)[22m[39m Pre-transform error: Transform failed with 1 error:

[31m[PARSE_ERROR] Error:[0m Expected a semicolon or an implicit semicolon after a statement, but found none
   [38;5;246m╭[0m[38;5;246m─[0m[38;5;246m[[0m src/components/layout/Navbar.jsx:3:9 [38;5;246m][0m
   [38;5;246m│[0m
 [38;5;246m3 │[0m [38;5;249mi[0m[38;5;249mm[0m[38;5;249mi[0m[38;5;249mm[0m[38;5;249mp[0m[38;5;249mo[0m[38;5;249mr[0m[38;5;249mt[0m[38;5;249m [0m[38;5;249m{[0m[38;5;249m [0m[38;5;249mL[0m[38;5;249me[0m[38;5;249ma[0m[38;5;249mf[0m[38;5;249m,[0m[38;5;249m [0m[38;5;249mL[0m[38;5;249mo[0m[38;5;249mg[0m[38;5;249mO[0m[38;5;249mu[0m[38;5;249mt[0m[38;5;249m,[0m[38;5;249m [0m[38;5;249mM[0m[38;5;249me[0m[38;5;249mn[0m[38;5;249mu[0m[38;5;249m,[0m[38;5;249m [0m[38;5;249mP[0m[38;5;249ma[0m[38;5;249mc[0m[38;5;249mk[0m[38;5;249ma[0m[38;5;249mg[0m[38;5;249me[0m[38;5;249mP[0m[38;5;249ml[0m[38;5;249mu[0m[38;5;249ms[0m[38;5;249m [0m[38;5;249m}[0m[38;5;249m [0m[38;5;249mf[0m[38;5;249mr[0m[38;5;249mo[0m[38;5;249mm[0m[38;5;249m [0m[38;5;249m"[0m[38;5;249ml[0m[38;5;249mu[0m[38;5;249mc[0m[38;5;249mi[0m[38;5;249md[0m[38;5;249me[0m[38;5;249m-[0m[38;5;249mr[0m[38;5;249me[0m[38;5;249ma[0m[38;5;249mc[0m[38;5;249mt[0m[38;5;249m"[0m[38;5;249m;[0m
 [38;5;240m  │[0m         │ 
 [38;5;240m  │[0m         ╰─ 
 [38;5;240m  │[0m 
 [38;5;240m  │[0m [38;5;115mHelp[0m: Try inserting a semicolon here
[38;5;246m───╯[0m

  Plugin: [35mvite:oxc[39m
  File: [36mC:/Users/ADMIN/OneDrive/Desktop/harvestlink/harvestlink_frontend_original_style_backend_ready/harvestlink-frontend/src/components/layout/Navbar.jsx[39m
[2m8:49:11 AM[22m [31m[1m[vite][22m[39m [31mInternal server error: Transform failed with 1 error:

[31m[PARSE_ERROR] Error:[0m Expected a semicolon or an implicit semicolon after a statement, but found none
   [38;5;246m╭[0m[38;5;246m─[0m[38;5;246m[[0m src/components/layout/Navbar.jsx:3:9 [38;5;246m][0m
   [38;5;246m│[0m
 [38;5;246m3 │[0m [38;5;249mi[0m[38;5;249mm[0m[38;5;249mi[0m[38;5;249mm[0m[38;5;249mp[0m[38;5;249mo[0m[38;5;249mr[0m[38;5;249mt[0m[38;5;249m [0m[38;5;249m{[0m[38;5;249m [0m[38;5;249mL[0m[38;5;249me[0m[38;5;249ma[0m[38;5;249mf[0m[38;5;249m,[0m[38;5;249m [0m[38;5;249mL[0m[38;5;249mo[0m[38;5;249mg[0m[38;5;249mO[0m[38;5;249mu[0m[38;5;249mt[0m[38;5;249m,[0m[38;5;249m [0m[38;5;249mM[0m[38;5;249me[0m[38;5;249mn[0m[38;5;249mu[0m[38;5;249m,[0m[38;5;249m [0m[38;5;249mP[0m[38;5;249ma[0m[38;5;249mc[0m[38;5;249mk[0m[38;5;249ma[0m[38;5;249mg[0m[38;5;249me[0m[38;5;249mP[0m[38;5;249ml[0m[38;5;249mu[0m[38;5;249ms[0m[38;5;249m [0m[38;5;249m}[0m[38;5;249m [0m[38;5;249mf[0m[38;5;249mr[0m[38;5;249mo[0m[38;5;249mm[0m[38;5;249m [0m[38;5;249m"[0m[38;5;249ml[0m[38;5;249mu[0m[38;5;249mc[0m[38;5;249mi[0m[38;5;249md[0m[38;5;249me[0m[38;5;249m-[0m[38;5;249mr[0m[38;5;249me[0m[38;5;249ma[0m[38;5;249mc[0m[38;5;249mt[0m[38;5;249m"[0m[38;5;249m;[0m
 [38;5;240m  │[0m         │ 
 [38;5;240m  │[0m         ╰─ 
 [38;5;240m  │[0m 
 [38;5;240m  │[0m [38;5;115mHelp[0m: Try inserting a semicolon here
[38;5;246m───╯[0m
[39m
  Plugin: [35mvite:oxc[39m
  File: [36mC:/Users/ADMIN/OneDrive/Desktop/harvestlink/harvestlink_frontend_original_style_backend_ready/harvestlink-frontend/src/components/layout/Navbar.jsx[39m
      at transformWithOxc (file:///C:/Users/ADMIN/OneDrive/Desktop/harvestlink/harvestlink_frontend_original_style_backend_ready/harvestlink-frontend/node_modules/vite/dist/node/chunks/node.js:3340:19)
      at TransformPluginContext.transform (file:///C:/Users/ADMIN/OneDrive/Desktop/harvestlink/harvestlink_frontend_original_style_backend_ready/harvestlink-frontend/node_modules/vite/dist/node/chunks/node.js:3408:26)
      at EnvironmentPluginContainer.transform (file:///C:/Users/ADMIN/OneDrive/Desktop/harvestlink/harvestlink_frontend_original_style_backend_ready/harvestlink-frontend/node_modules/vite/dist/node/chunks/node.js:30193:51)
      at async loadAndTransform (file:///C:/Users/ADMIN/OneDrive/Desktop/harvestlink/harvestlink_frontend_original_style_backend_ready/harvestlink-frontend/node_modules/vite/dist/node/chunks/node.js:24511:26)
      at async viteTransformMiddleware (file:///C:/Users/ADMIN/OneDrive/Desktop/harvestlink/harvestlink_frontend_original_style_backend_ready/harvestlink-frontend/node_modules/vite/dist/node/chunks/node.js:24305:20)
[2m8:49:13 AM[22m [31m[1m[vite][22m[39m [31m[2m(client)[22m[39m Pre-transform error: Transform failed with 1 error:

[31m[PARSE_ERROR] Error:[0m Unexpected token
     [38;5;246m╭[0m[38;5;246m─[0m[38;5;246m[[0m src/components/layout/Navbar.jsx:220:9 [38;5;246m][0m
     [38;5;246m│[0m
 [38;5;246m220 │[0m ╭─▶ [38;5;249m [0m[38;5;249m [0m[38;5;249m [0m[38;5;249m [0m[38;5;249m [0m[38;5;249m [0m[38;5;249m)[0m[38;5;249m}[0m
 [38;5;246m221 │[0m ├─▶ 
 [38;5;240m    │[0m │      
 [38;5;240m    │[0m ╰────── 
[38;5;246m─────╯[0m

  Plugin: [35mvite:oxc[39m
  File: [36mC:/Users/ADMIN/OneDrive/Desktop/harvestlink/harvestlink_frontend_original_style_backend_ready/harvestlink-frontend/src/components/layout/Navbar.jsx[39m
[2m8:49:13 AM[22m [31m[1m[vite][22m[39m [31mInternal server error: Transform failed with 1 error:

[31m[PARSE_ERROR] Error:[0m Unexpected token
     [38;5;246m╭[0m[38;5;246m─[0m[38;5;246m[[0m src/components/layout/Navbar.jsx:220:9 [38;5;246m][0m
     [38;5;246m│[0m
 [38;5;246m220 │[0m ╭─▶ [38;5;249m [0m[38;5;249m [0m[38;5;249m [0m[38;5;249m [0m[38;5;249m [0m[38;5;249m [0m[38;5;249m)[0m[38;5;249m}[0m
 [38;5;246m221 │[0m ├─▶ 
 [38;5;240m    │[0m │      
 [38;5;240m    │[0m ╰────── 
[38;5;246m─────╯[0m
[39m
  Plugin: [35mvite:oxc[39m
  File: [36mC:/Users/ADMIN/OneDrive/Desktop/harvestlink/harvestlink_frontend_original_style_backend_ready/harvestlink-frontend/src/components/layout/Navbar.jsx[39m
      at transformWithOxc (file:///C:/Users/ADMIN/OneDrive/Desktop/harvestlink/harvestlink_frontend_original_style_backend_ready/harvestlink-frontend/node_modules/vite/dist/node/chunks/node.js:3340:19)
      at TransformPluginContext.transform (file:///C:/Users/ADMIN/OneDrive/Desktop/harvestlink/harvestlink_frontend_original_style_backend_ready/harvestlink-frontend/node_modules/vite/dist/node/chunks/node.js:3408:26)
      at EnvironmentPluginContainer.transform (file:///C:/Users/ADMIN/OneDrive/Desktop/harvestlink/harvestlink_frontend_original_style_backend_ready/harvestlink-frontend/node_modules/vite/dist/node/chunks/node.js:30193:51)
      at async loadAndTransform (file:///C:/Users/ADMIN/OneDrive/Desktop/harvestlink/harvestlink_frontend_original_style_backend_ready/harvestlink-frontend/node_modules/vite/dist/node/chunks/node.js:24511:26)
      at async viteTransformMiddleware (file:///C:/Users/ADMIN/OneDrive/Desktop/harvestlink/harvestlink_frontend_original_style_backend_ready/harvestlink-frontend/node_modules/vite/dist/node/chunks/node.js:24305:20)
[2m8:49:20 AM[22m [31m[1m[vite][22m[39m [31m[2m(client)[22m[39m Pre-transform error: Transform failed with 1 error:

[31m[PARSE_ERROR] Error:[0m Unexpected token
     [38;5;246m╭[0m[38;5;246m─[0m[38;5;246m[[0m src/components/layout/Navbar.jsx:213:180 [38;5;246m][0m
     [38;5;246m│[0m
 [38;5;246m213 │[0m ╭─▶ [38;5;249m [0m[38;5;249m [0m[38;5;249m [0m[38;5;249m [0m[38;5;249m [0m[38;5;249m [0m[38;5;249m [0m[38;5;249m [0m[38;5;249m [0m[38;5;249m [0m[38;5;249m [0m[38;5;249m [0m[38;5;249m [0m[38;5;249m [0m[38;5;249m [0m[38;5;249m [0m[38;5;249m<[0m[38;5;249mb[0m[38;5;249mu[0m[38;5;249mt[0m[38;5;249mt[0m[38;5;249mo[0m[38;5;249mn[0m[38;5;249m [0m[38;5;249mo[0m[38;5;249mn[0m[38;5;249mC[0m[38;5;249ml[0m[38;5;249mi[0m[38;5;249mc[0m[38;5;249mk[0m[38;5;249m=[0m[38;5;249m{[0m[38;5;249m([0m[38;5;249m)[0m[38;5;249m [0m[38;5;249m=[0m[38;5;249m>[0m[38;5;249m [0m[38;5;249m{[0m[38;5;249m [0m[38;5;249ml[0m[38;5;249mo[0m[38;5;249mg[0m[38;5;249mo[0m[38;5;249mu[0m[38;5;249mt[0m[38;5;249m([0m[38;5;249m)[0m[38;5;249m;[0m[38;5;249m [0m[38;5;249ms[0m[38;5;249me[0m[38;5;249mt[0m[38;5;249mM[0m[38;5;249mo[0m[38;5;249mb[0m[38;5;249mi[0m[38;5;249ml[0m[38;5;249me[0m[38;5;249mO[0m[38;5;249mp[0m[38;5;249me[0m[38;5;249mn[0m[38;5;249m([0m[38;5;249mf[0m[38;5;249ma[0m[38;5;249ml[0m[38;5;249ms[0m[38;5;249me[0m[38;5;249m)[0m[38;5;249m;[0m[38;5;249m [0m[38;5;249m}[0m[38;5;249m}[0m[38;5;249m [0m[38;5;249mc[0m[38;5;249ml[0m[38;5;249ma[0m[38;5;249ms[0m[38;5;249ms[0m[38;5;249mN[0m[38;5;249ma[0m[38;5;249mm[0m[38;5;249me[0m[38;5;249m=[0m[38;5;249m"[0m[38;5;249mb[0m[38;5;249ml[0m[38;5;249mo[0m[38;5;249mc[0m[38;5;249mk[0m[38;5;249m [0m[38;5;249mw[0m[38;5;249m-[0m[38;5;249mf[0m[38;5;249mu[0m[38;5;249ml[0m[38;5;249ml[0m[38;5;249m [0m[38;5;249mr[0m[38;5;249mo[0m[38;5;249mu[0m[38;5;249mn[0m[38;5;249md[0m[38;5;249me[0m[38;5;249md[0m[38;5;249m-[0m[38;5;249mx[0m[38;5;249ml[0m[38;5;249m [0m[38;5;249mp[0m[38;5;249mx[0m[38;5;249m-[0m[38;5;249m4[0m[38;5;249m [0m[38;5;249mp[0m[38;5;249my[0m[38;5;249m-[0m[38;5;249m3[0m[38;5;249m [0m[38;5;249mt[0m[38;5;249me[0m[38;5;249mx[0m[38;5;249mt[0m[38;5;249m-[0m[38;5;249ml[0m[38;5;249me[0m[38;5;249mf[0m[38;5;249mt[0m[38;5;249m [0m[38;5;249mt[0m[38;5;249me[0m[38;5;249mx[0m[38;5;249mt[0m[38;5;249m-[0m[38;5;249ms[0m[38;5;249mm[0m[38;5;249m [0m[38;5;249mf[0m[38;5;249mo[0m[38;5;249mn[0m[38;5;249mt[0m[38;5;249m-[0m[38;5;249mb[0m[38;5;249mo[0m[38;5;249ml[0m[38;5;249md[0m[38;5;249m [0m[38;5;249mt[0m[38;5;249me[0m[38;5;249mx[0m[38;5;249mt[0m[38;5;249m-[0m[38;5;249mr[0m[38;5;249me[0m[38;5;249md[0m[38;5;249m-[0m[38;5;249m6[0m[38;5;249m0[0m[38;5;249m0[0m[38;5;249m [0m[38;5;249mh[0m[38;5;249mo[0m[38;5;249mv[0m[38;5;249me[0m[38;5;249mr[0m[38;5;249m:[0m[38;5;249mb[0m[38;5;249mg[0m[38;5;249m-[0m[38;5;249mr[0m[38;5;249me[0m[38;5;249md[0m[38;5;249m-[0m[38;5;249m5[0m[38;5;249m0[0m[38;5;249m"[0m[38;5;249m>[0m
 [38;5;246m214 │[0m ├─▶                   Logout
 [38;5;240m    │[0m │                              
 [38;5;240m    │[0m ╰────────────────────────────── 
[38;5;246m─────╯[0m

  Plugin: [35mvite:oxc[39m
  File: [36mC:/Users/ADMIN/OneDrive/Desktop/harvestlink/harvestlink_frontend_original_style_backend_ready/harvestlink-frontend/src/components/layout/Navbar.jsx[39m
[2m8:49:20 AM[22m [31m[1m[vite][22m[39m [31mInternal server error: Transform failed with 1 error:

[31m[PARSE_ERROR] Error:[0m Unexpected token
     [38;5;246m╭[0m[38;5;246m─[0m[38;5;246m[[0m src/components/layout/Navbar.jsx:213:180 [38;5;246m][0m
     [38;5;246m│[0m
 [38;5;246m213 │[0m ╭─▶ [38;5;249m [0m[38;5;249m [0m[38;5;249m [0m[38;5;249m [0m[38;5;249m [0m[38;5;249m [0m[38;5;249m [0m[38;5;249m [0m[38;5;249m [0m[38;5;249m [0m[38;5;249m [0m[38;5;249m [0m[38;5;249m [0m[38;5;249m [0m[38;5;249m [0m[38;5;249m [0m[38;5;249m<[0m[38;5;249mb[0m[38;5;249mu[0m[38;5;249mt[0m[38;5;249mt[0m[38;5;249mo[0m[38;5;249mn[0m[38;5;249m [0m[38;5;249mo[0m[38;5;249mn[0m[38;5;249mC[0m[38;5;249ml[0m[38;5;249mi[0m[38;5;249mc[0m[38;5;249mk[0m[38;5;249m=[0m[38;5;249m{[0m[38;5;249m([0m[38;5;249m)[0m[38;5;249m [0m[38;5;249m=[0m[38;5;249m>[0m[38;5;249m [0m[38;5;249m{[0m[38;5;249m [0m[38;5;249ml[0m[38;5;249mo[0m[38;5;249mg[0m[38;5;249mo[0m[38;5;249mu[0m[38;5;249mt[0m[38;5;249m([0m[38;5;249m)[0m[38;5;249m;[0m[38;5;249m [0m[38;5;249ms[0m[38;5;249me[0m[38;5;249mt[0m[38;5;249mM[0m[38;5;249mo[0m[38;5;249mb[0m[38;5;249mi[0m[38;5;249ml[0m[38;5;249me[0m[38;5;249mO[0m[38;5;249mp[0m[38;5;249me[0m[38;5;249mn[0m[38;5;249m([0m[38;5;249mf[0m[38;5;249ma[0m[38;5;249ml[0m[38;5;249ms[0m[38;5;249me[0m[38;5;249m)[0m[38;5;249m;[0m[38;5;249m [0m[38;5;249m}[0m[38;5;249m}[0m[38;5;249m [0m[38;5;249mc[0m[38;5;249ml[0m[38;5;249ma[0m[38;5;249ms[0m[38;5;249ms[0m[38;5;249mN[0m[38;5;249ma[0m[38;5;249mm[0m[38;5;249me[0m[38;5;249m=[0m[38;5;249m"[0m[38;5;249mb[0m[38;5;249ml[0m[38;5;249mo[0m[38;5;249mc[0m[38;5;249mk[0m[38;5;249m [0m[38;5;249mw[0m[38;5;249m-[0m[38;5;249mf[0m[38;5;249mu[0m[38;5;249ml[0m[38;5;249ml[0m[38;5;249m [0m[38;5;249mr[0m[38;5;249mo[0m[38;5;249mu[0m[38;5;249mn[0m[38;5;249md[0m[38;5;249me[0m[38;5;249md[0m[38;5;249m-[0m[38;5;249mx[0m[38;5;249ml[0m[38;5;249m [0m[38;5;249mp[0m[38;5;249mx[0m[38;5;249m-[0m[38;5;249m4[0m[38;5;249m [0m[38;5;249mp[0m[38;5;249my[0m[38;5;249m-[0m[38;5;249m3[0m[38;5;249m [0m[38;5;249mt[0m[38;5;249me[0m[38;5;249mx[0m[38;5;249mt[0m[38;5;249m-[0m[38;5;249ml[0m[38;5;249me[0m[38;5;249mf[0m[38;5;249mt[0m[38;5;249m [0m[38;5;249mt[0m[38;5;249me[0m[38;5;249mx[0m[38;5;249mt[0m[38;5;249m-[0m[38;5;249ms[0m[38;5;249mm[0m[38;5;249m [0m[38;5;249mf[0m[38;5;249mo[0m[38;5;249mn[0m[38;5;249mt[0m[38;5;249m-[0m[38;5;249mb[0m[38;5;249mo[0m[38;5;249ml[0m[38;5;249md[0m[38;5;249m [0m[38;5;249mt[0m[38;5;249me[0m[38;5;249mx[0m[38;5;249mt[0m[38;5;249m-[0m[38;5;249mr[0m[38;5;249me[0m[38;5;249md[0m[38;5;249m-[0m[38;5;249m6[0m[38;5;249m0[0m[38;5;249m0[0m[38;5;249m [0m[38;5;249mh[0m[38;5;249mo[0m[38;5;249mv[0m[38;5;249me[0m[38;5;249mr[0m[38;5;249m:[0m[38;5;249mb[0m[38;5;249mg[0m[38;5;249m-[0m[38;5;249mr[0m[38;5;249me[0m[38;5;249md[0m[38;5;249m-[0m[38;5;249m5[0m[38;5;249m0[0m[38;5;249m"[0m[38;5;249m>[0m
 [38;5;246m214 │[0m ├─▶                   Logout
 [38;5;240m    │[0m │                              
 [38;5;240m    │[0m ╰────────────────────────────── 
[38;5;246m─────╯[0m
[39m
  Plugin: [35mvite:oxc[39m
  File: [36mC:/Users/ADMIN/OneDrive/Desktop/harvestlink/harvestlink_frontend_original_style_backend_ready/harvestlink-frontend/src/components/layout/Navbar.jsx[39m
      at transformWithOxc (file:///C:/Users/ADMIN/OneDrive/Desktop/harvestlink/harvestlink_frontend_original_style_backend_ready/harvestlink-frontend/node_modules/vite/dist/node/chunks/node.js:3340:19)
      at TransformPluginContext.transform (file:///C:/Users/ADMIN/OneDrive/Desktop/harvestlink/harvestlink_frontend_original_style_backend_ready/harvestlink-frontend/node_modules/vite/dist/node/chunks/node.js:3408:26)
      at EnvironmentPluginContainer.transform (file:///C:/Users/ADMIN/OneDrive/Desktop/harvestlink/harvestlink_frontend_original_style_backend_ready/harvestlink-frontend/node_modules/vite/dist/node/chunks/node.js:30193:51)
      at async loadAndTransform (file:///C:/Users/ADMIN/OneDrive/Desktop/harvestlink/harvestlink_frontend_original_style_backend_ready/harvestlink-frontend/node_modules/vite/dist/node/chunks/node.js:24511:26)
      at async viteTransformMiddleware (file:///C:/Users/ADMIN/OneDrive/Desktop/harvestlink/harvestlink_frontend_original_style_backend_ready/harvestlink-frontend/node_modules/vite/dist/node/chunks/node.js:24305:20)
[2m8:49:24 AM[22m [31m[1m[vite][22m[39m [31m[2m(client)[22m[39m Pre-transform error: Transform failed with 1 error:

[31m[PARSE_ERROR] Error:[0m Unexpected token
     [38;5;246m╭[0m[38;5;246m─[0m[38;5;246m[[0m src/components/layout/Navbar.jsx:204:28 [38;5;246m][0m
     [38;5;246m│[0m
 [38;5;246m204 │[0m [38;5;249m [0m[38;5;249m [0m[38;5;249m [0m[38;5;249m [0m[38;5;249m [0m[38;5;249m [0m[38;5;249m [0m[38;5;249m [0m[38;5;249m [0m[38;5;249m [0m[38;5;249m [0m[38;5;249m [0m[38;5;249m{[0m[38;5;249mi[0m[38;5;249ms[0m[38;5;249mL[0m[38;5;249mo[0m[38;5;249mg[0m[38;5;249mg[0m[38;5;249me[0m[38;5;249md[0m[38;5;249mI[0m[38;5;249mn[0m[38;5;249m [0m[38;5;249m&[0m[38;5;249m&[0m
 [38;5;240m    │[0m                            │ 
 [38;5;240m    │[0m                            ╰─ 
[38;5;246m─────╯[0m

  Plugin: [35mvite:oxc[39m
  File: [36mC:/Users/ADMIN/OneDrive/Desktop/harvestlink/harvestlink_frontend_original_style_backend_ready/harvestlink-frontend/src/components/layout/Navbar.jsx[39m
[2m8:49:24 AM[22m [31m[1m[vite][22m[39m [31mInternal server error: Transform failed with 1 error:

[31m[PARSE_ERROR] Error:[0m Unexpected token
     [38;5;246m╭[0m[38;5;246m─[0m[38;5;246m[[0m src/components/layout/Navbar.jsx:204:28 [38;5;246m][0m
     [38;5;246m│[0m
 [38;5;246m204 │[0m [38;5;249m [0m[38;5;249m [0m[38;5;249m [0m[38;5;249m [0m[38;5;249m [0m[38;5;249m [0m[38;5;249m [0m[38;5;249m [0m[38;5;249m [0m[38;5;249m [0m[38;5;249m [0m[38;5;249m [0m[38;5;249m{[0m[38;5;249mi[0m[38;5;249ms[0m[38;5;249mL[0m[38;5;249mo[0m[38;5;249mg[0m[38;5;249mg[0m[38;5;249me[0m[38;5;249md[0m[38;5;249mI[0m[38;5;249mn[0m[38;5;249m [0m[38;5;249m&[0m[38;5;249m&[0m
 [38;5;240m    │[0m                            │ 
 [38;5;240m    │[0m                            ╰─ 
[38;5;246m─────╯[0m
[39m
  Plugin: [35mvite:oxc[39m
  File: [36mC:/Users/ADMIN/OneDrive/Desktop/harvestlink/harvestlink_frontend_original_style_backend_ready/harvestlink-frontend/src/components/layout/Navbar.jsx[39m
      at transformWithOxc (file:///C:/Users/ADMIN/OneDrive/Desktop/harvestlink/harvestlink_frontend_original_style_backend_ready/harvestlink-frontend/node_modules/vite/dist/node/chunks/node.js:3340:19)
      at TransformPluginContext.transform (file:///C:/Users/ADMIN/OneDrive/Desktop/harvestlink/harvestlink_frontend_original_style_backend_ready/harvestlink-frontend/node_modules/vite/dist/node/chunks/node.js:3408:26)
      at EnvironmentPluginContainer.transform (file:///C:/Users/ADMIN/OneDrive/Desktop/harvestlink/harvestlink_frontend_original_style_backend_ready/harvestlink-frontend/node_modules/vite/dist/node/chunks/node.js:30193:51)
      at async loadAndTransform (file:///C:/Users/ADMIN/OneDrive/Desktop/harvestlink/harvestlink_frontend_original_style_backend_ready/harvestlink-frontend/node_modules/vite/dist/node/chunks/node.js:24511:26)
      at async viteTransformMiddleware (file:///C:/Users/ADMIN/OneDrive/Desktop/harvestlink/harvestlink_frontend_original_style_backend_ready/harvestlink-frontend/node_modules/vite/dist/node/chunks/node.js:24305:20)
[2m8:49:26 AM[22m [31m[1m[vite][22m[39m [31m[2m(client)[22m[39m Pre-transform error: Transform failed with 1 error:

[31m[PARSE_ERROR] Error:[0m Expected a semicolon or an implicit semicolon after a statement, but found none
   [38;5;246m╭[0m[38;5;246m─[0m[38;5;246m[[0m src/components/layout/Navbar.jsx:3:9 [38;5;246m][0m
   [38;5;246m│[0m
 [38;5;246m3 │[0m [38;5;249mi[0m[38;5;249mm[0m[38;5;249mi[0m[38;5;249mm[0m[38;5;249mp[0m[38;5;249mo[0m[38;5;249mr[0m[38;5;249mt[0m[38;5;249m [0m[38;5;249m{[0m[38;5;249m [0m[38;5;249mL[0m[38;5;249me[0m[38;5;249ma[0m[38;5;249mf[0m[38;5;249m,[0m[38;5;249m [0m[38;5;249mL[0m[38;5;249mo[0m[38;5;249mg[0m[38;5;249mO[0m[38;5;249mu[0m[38;5;249mt[0m[38;5;249m,[0m[38;5;249m [0m[38;5;249mM[0m[38;5;249me[0m[38;5;249mn[0m[38;5;249mu[0m[38;5;249m,[0m[38;5;249m [0m[38;5;249mP[0m[38;5;249ma[0m[38;5;249mc[0m[38;5;249mk[0m[38;5;249ma[0m[38;5;249mg[0m[38;5;249me[0m[38;5;249mP[0m[38;5;249ml[0m[38;5;249mu[0m[38;5;249ms[0m[38;5;249m [0m[38;5;249m}[0m[38;5;249m [0m[38;5;249mf[0m[38;5;249mr[0m[38;5;249mo[0m[38;5;249mm[0m[38;5;249m [0m[38;5;249m"[0m[38;5;249ml[0m[38;5;249mu[0m[38;5;249mc[0m[38;5;249mi[0m[38;5;249md[0m[38;5;249me[0m[38;5;249m-[0m[38;5;249mr[0m[38;5;249me[0m[38;5;249ma[0m[38;5;249mc[0m[38;5;249mt[0m[38;5;249m"[0m[38;5;249m;[0m
 [38;5;240m  │[0m         │ 
 [38;5;240m  │[0m         ╰─ 
 [38;5;240m  │[0m 
 [38;5;240m  │[0m [38;5;115mHelp[0m: Try inserting a semicolon here
[38;5;246m───╯[0m

  Plugin: [35mvite:oxc[39m
  File: [36mC:/Users/ADMIN/OneDrive/Desktop/harvestlink/harvestlink_frontend_original_style_backend_ready/harvestlink-frontend/src/components/layout/Navbar.jsx[39m
[2m8:49:26 AM[22m [31m[1m[vite][22m[39m [31mInternal server error: Transform failed with 1 error:

[31m[PARSE_ERROR] Error:[0m Expected a semicolon or an implicit semicolon after a statement, but found none
   [38;5;246m╭[0m[38;5;246m─[0m[38;5;246m[[0m src/components/layout/Navbar.jsx:3:9 [38;5;246m][0m
   [38;5;246m│[0m
 [38;5;246m3 │[0m [38;5;249mi[0m[38;5;249mm[0m[38;5;249mi[0m[38;5;249mm[0m[38;5;249mp[0m[38;5;249mo[0m[38;5;249mr[0m[38;5;249mt[0m[38;5;249m [0m[38;5;249m{[0m[38;5;249m [0m[38;5;249mL[0m[38;5;249me[0m[38;5;249ma[0m[38;5;249mf[0m[38;5;249m,[0m[38;5;249m [0m[38;5;249mL[0m[38;5;249mo[0m[38;5;249mg[0m[38;5;249mO[0m[38;5;249mu[0m[38;5;249mt[0m[38;5;249m,[0m[38;5;249m [0m[38;5;249mM[0m[38;5;249me[0m[38;5;249mn[0m[38;5;249mu[0m[38;5;249m,[0m[38;5;249m [0m[38;5;249mP[0m[38;5;249ma[0m[38;5;249mc[0m[38;5;249mk[0m[38;5;249ma[0m[38;5;249mg[0m[38;5;249me[0m[38;5;249mP[0m[38;5;249ml[0m[38;5;249mu[0m[38;5;249ms[0m[38;5;249m [0m[38;5;249m}[0m[38;5;249m [0m[38;5;249mf[0m[38;5;249mr[0m[38;5;249mo[0m[38;5;249mm[0m[38;5;249m [0m[38;5;249m"[0m[38;5;249ml[0m[38;5;249mu[0m[38;5;249mc[0m[38;5;249mi[0m[38;5;249md[0m[38;5;249me[0m[38;5;249m-[0m[38;5;249mr[0m[38;5;249me[0m[38;5;249ma[0m[38;5;249mc[0m[38;5;249mt[0m[38;5;249m"[0m[38;5;249m;[0m
 [38;5;240m  │[0m         │ 
 [38;5;240m  │[0m         ╰─ 
 [38;5;240m  │[0m 
 [38;5;240m  │[0m [38;5;115mHelp[0m: Try inserting a semicolon here
[38;5;246m───╯[0m
[39m
  Plugin: [35mvite:oxc[39m
  File: [36mC:/Users/ADMIN/OneDrive/Desktop/harvestlink/harvestlink_frontend_original_style_backend_ready/harvestlink-frontend/src/components/layout/Navbar.jsx[39m
      at transformWithOxc (file:///C:/Users/ADMIN/OneDrive/Desktop/harvestlink/harvestlink_frontend_original_style_backend_ready/harvestlink-frontend/node_modules/vite/dist/node/chunks/node.js:3340:19)
      at TransformPluginContext.transform (file:///C:/Users/ADMIN/OneDrive/Desktop/harvestlink/harvestlink_frontend_original_style_backend_ready/harvestlink-frontend/node_modules/vite/dist/node/chunks/node.js:3408:26)
      at EnvironmentPluginContainer.transform (file:///C:/Users/ADMIN/OneDrive/Desktop/harvestlink/harvestlink_frontend_original_style_backend_ready/harvestlink-frontend/node_modules/vite/dist/node/chunks/node.js:30193:51)
      at async loadAndTransform (file:///C:/Users/ADMIN/OneDrive/Desktop/harvestlink/harvestlink_frontend_original_style_backend_ready/harvestlink-frontend/node_modules/vite/dist/node/chunks/node.js:24511:26)
      at async viteTransformMiddleware (file:///C:/Users/ADMIN/OneDrive/Desktop/harvestlink/harvestlink_frontend_original_style_backend_ready/harvestlink-frontend/node_modules/vite/dist/node/chunks/node.js:24305:20)
[2m8:49:29 AM[22m [31m[1m[vite][22m[39m [31m[2m(client)[22m[39m Pre-transform error: Transform failed with 1 error:

[31m[PARSE_ERROR] Error:[0m Unexpected token
     [38;5;246m╭[0m[38;5;246m─[0m[38;5;246m[[0m src/components/layout/Navbar.jsx:220:9 [38;5;246m][0m
     [38;5;246m│[0m
 [38;5;246m220 │[0m ╭─▶ [38;5;249m [0m[38;5;249m [0m[38;5;249m [0m[38;5;249m [0m[38;5;249m [0m[38;5;249m [0m[38;5;249m)[0m[38;5;249m}[0m
 [38;5;246m221 │[0m ├─▶ 
 [38;5;240m    │[0m │      
 [38;5;240m    │[0m ╰────── 
[38;5;246m─────╯[0m

  Plugin: [35mvite:oxc[39m
  File: [36mC:/Users/ADMIN/OneDrive/Desktop/harvestlink/harvestlink_frontend_original_style_backend_ready/harvestlink-frontend/src/components/layout/Navbar.jsx[39m
[2m8:49:29 AM[22m [31m[1m[vite][22m[39m [31mInternal server error: Transform failed with 1 error:

[31m[PARSE_ERROR] Error:[0m Unexpected token
     [38;5;246m╭[0m[38;5;246m─[0m[38;5;246m[[0m src/components/layout/Navbar.jsx:220:9 [38;5;246m][0m
     [38;5;246m│[0m
 [38;5;246m220 │[0m ╭─▶ [38;5;249m [0m[38;5;249m [0m[38;5;249m [0m[38;5;249m [0m[38;5;249m [0m[38;5;249m [0m[38;5;249m)[0m[38;5;249m}[0m
 [38;5;246m221 │[0m ├─▶ 
 [38;5;240m    │[0m │      
 [38;5;240m    │[0m ╰────── 
[38;5;246m─────╯[0m
[39m
  Plugin: [35mvite:oxc[39m
  File: [36mC:/Users/ADMIN/OneDrive/Desktop/harvestlink/harvestlink_frontend_original_style_backend_ready/harvestlink-frontend/src/components/layout/Navbar.jsx[39m
      at transformWithOxc (file:///C:/Users/ADMIN/OneDrive/Desktop/harvestlink/harvestlink_frontend_original_style_backend_ready/harvestlink-frontend/node_modules/vite/dist/node/chunks/node.js:3340:19)
      at TransformPluginContext.transform (file:///C:/Users/ADMIN/OneDrive/Desktop/harvestlink/harvestlink_frontend_original_style_backend_ready/harvestlink-frontend/node_modules/vite/dist/node/chunks/node.js:3408:26)
      at EnvironmentPluginContainer.transform (file:///C:/Users/ADMIN/OneDrive/Desktop/harvestlink/harvestlink_frontend_original_style_backend_ready/harvestlink-frontend/node_modules/vite/dist/node/chunks/node.js:30193:51)
      at async loadAndTransform (file:///C:/Users/ADMIN/OneDrive/Desktop/harvestlink/harvestlink_frontend_original_style_backend_ready/harvestlink-frontend/node_modules/vite/dist/node/chunks/node.js:24511:26)
      at async viteTransformMiddleware (file:///C:/Users/ADMIN/OneDrive/Desktop/harvestlink/harvestlink_frontend_original_style_backend_ready/harvestlink-frontend/node_modules/vite/dist/node/chunks/node.js:24305:20)
[2m8:52:12 AM[22m [31m[1m[vite][22m[39m [31m[2m(client)[22m[39m Pre-transform error: Transform failed with 1 error:

[31m[PARSE_ERROR] Error:[0m Expected `}` but found `EOF`
     [38;5;246m╭[0m[38;5;246m─[0m[38;5;246m[[0m src/components/layout/Navbar.jsx:265:6 [38;5;246m][0m
     [38;5;246m│[0m
 [38;5;246m 21 │[0m [38;5;249me[0m[38;5;249mx[0m[38;5;249mp[0m[38;5;249mo[0m[38;5;249mr[0m[38;5;249mt[0m[38;5;249m [0m[38;5;249md[0m[38;5;249me[0m[38;5;249mf[0m[38;5;249ma[0m[38;5;249mu[0m[38;5;249ml[0m[38;5;249mt[0m[38;5;249m [0m[38;5;249mf[0m[38;5;249mu[0m[38;5;249mn[0m[38;5;249mc[0m[38;5;249mt[0m[38;5;249mi[0m[38;5;249mo[0m[38;5;249mn[0m[38;5;249m [0m[38;5;249mN[0m[38;5;249ma[0m[38;5;249mv[0m[38;5;249mb[0m[38;5;249ma[0m[38;5;249mr[0m[38;5;249m([0m[38;5;249m)[0m[38;5;249m [0m{
 [38;5;240m    │[0m                                  ┬  
 [38;5;240m    │[0m                                  ╰── Opened here
 [38;5;240m    │[0m 
 [38;5;246m265 │[0m [38;5;249m [0m[38;5;249m [0m[38;5;249m)[0m[38;5;249m;[0m
 [38;5;240m    │[0m      │ 
 [38;5;240m    │[0m      ╰─ `}` expected
[38;5;246m─────╯[0m

  Plugin: [35mvite:oxc[39m
  File: [36mC:/Users/ADMIN/OneDrive/Desktop/harvestlink/harvestlink_frontend_original_style_backend_ready/harvestlink-frontend/src/components/layout/Navbar.jsx[39m
[2m8:52:12 AM[22m [31m[1m[vite][22m[39m [31mInternal server error: Transform failed with 1 error:

[31m[PARSE_ERROR] Error:[0m Expected `}` but found `EOF`
     [38;5;246m╭[0m[38;5;246m─[0m[38;5;246m[[0m src/components/layout/Navbar.jsx:265:6 [38;5;246m][0m
     [38;5;246m│[0m
 [38;5;246m 21 │[0m [38;5;249me[0m[38;5;249mx[0m[38;5;249mp[0m[38;5;249mo[0m[38;5;249mr[0m[38;5;249mt[0m[38;5;249m [0m[38;5;249md[0m[38;5;249me[0m[38;5;249mf[0m[38;5;249ma[0m[38;5;249mu[0m[38;5;249ml[0m[38;5;249mt[0m[38;5;249m [0m[38;5;249mf[0m[38;5;249mu[0m[38;5;249mn[0m[38;5;249mc[0m[38;5;249mt[0m[38;5;249mi[0m[38;5;249mo[0m[38;5;249mn[0m[38;5;249m [0m[38;5;249mN[0m[38;5;249ma[0m[38;5;249mv[0m[38;5;249mb[0m[38;5;249ma[0m[38;5;249mr[0m[38;5;249m([0m[38;5;249m)[0m[38;5;249m [0m{
 [38;5;240m    │[0m                                  ┬  
 [38;5;240m    │[0m                                  ╰── Opened here
 [38;5;240m    │[0m 
 [38;5;246m265 │[0m [38;5;249m [0m[38;5;249m [0m[38;5;249m)[0m[38;5;249m;[0m
 [38;5;240m    │[0m      │ 
 [38;5;240m    │[0m      ╰─ `}` expected
[38;5;246m─────╯[0m
[39m
  Plugin: [35mvite:oxc[39m
  File: [36mC:/Users/ADMIN/OneDrive/Desktop/harvestlink/harvestlink_frontend_original_style_backend_ready/harvestlink-frontend/src/components/layout/Navbar.jsx[39m
      at transformWithOxc (file:///C:/Users/ADMIN/OneDrive/Desktop/harvestlink/harvestlink_frontend_original_style_backend_ready/harvestlink-frontend/node_modules/vite/dist/node/chunks/node.js:3340:19)
      at TransformPluginContext.transform (file:///C:/Users/ADMIN/OneDrive/Desktop/harvestlink/harvestlink_frontend_original_style_backend_ready/harvestlink-frontend/node_modules/vite/dist/node/chunks/node.js:3408:26)
      at EnvironmentPluginContainer.transform (file:///C:/Users/ADMIN/OneDrive/Desktop/harvestlink/harvestlink_frontend_original_style_backend_ready/harvestlink-frontend/node_modules/vite/dist/node/chunks/node.js:30193:51)
      at async loadAndTransform (file:///C:/Users/ADMIN/OneDrive/Desktop/harvestlink/harvestlink_frontend_original_style_backend_ready/harvestlink-frontend/node_modules/vite/dist/node/chunks/node.js:24511:26)
      at async viteTransformMiddleware (file:///C:/Users/ADMIN/OneDrive/Desktop/harvestlink/harvestlink_frontend_original_style_backend_ready/harvestlink-frontend/node_modules/vite/dist/node/chunks/node.js:24305:20)
