
> dev
> vite --host 127.0.0.1 --port 5173


  [32m[1mVITE[22m v8.0.12[39m  [2mready in [0m[1m666[22m[2m[0m ms[22m

  [32m➜[39m  [1mLocal[22m:   [36mhttp://127.0.0.1:[1m5173[22m/[39m
[2m8:20:41 AM[22m [36m[1m[vite][22m[39m [90m[2m(client)[22m[39m [32mpage reload [39m[2msrc/pages/BuyerProfile.jsx[22m
[2m8:20:41 AM[22m [36m[1m[vite][22m[39m [90m[2m(client)[22m[39m [32mpage reload [39m[2msrc/pages/BuyerProfile.jsx[22m
[2m8:20:45 AM[22m [36m[1m[vite][22m[39m [90m[2m(client)[22m[39m [32mpage reload [39m[2msrc/pages/BuyerProfile.jsx[22m
[2m8:23:13 AM[22m [36m[1m[vite][22m[39m [90m[2m(client)[22m[39m [32mpage reload [39m[2msrc/pages/BuyerProfile.jsx[22m
[2m8:23:15 AM[22m [36m[1m[vite][22m[39m [90m[2m(client)[22m[39m [32mpage reload [39m[2msrc/pages/BuyerProfile.jsx[22m
[2m8:23:19 AM[22m [36m[1m[vite][22m[39m [90m[2m(client)[22m[39m [32mpage reload [39m[2msrc/pages/BuyerProfile.jsx[22m
[2m8:23:22 AM[22m [36m[1m[vite][22m[39m [90m[2m(client)[22m[39m [32mpage reload [39m[2msrc/pages/BuyerProfile.jsx[22m
[2m8:23:26 AM[22m [36m[1m[vite][22m[39m [90m[2m(client)[22m[39m [32mpage reload [39m[2msrc/pages/BuyerProfile.jsx[22m
[2m8:23:27 AM[22m [36m[1m[vite][22m[39m [90m[2m(client)[22m[39m [32mpage reload [39m[2msrc/pages/Dashboard.jsx[22m
[2m8:23:33 AM[22m [36m[1m[vite][22m[39m [90m[2m(client)[22m[39m [32mpage reload [39m[2msrc/pages/BuyerProfile.jsx[22m
[2m8:24:07 AM[22m [36m[1m[vite][22m[39m [90m[2m(client)[22m[39m [32mpage reload [39m[2msrc/components/layout/Navbar.jsx[22m
[2m8:24:57 AM[22m [36m[1m[vite][22m[39m [90m[2m(client)[22m[39m [32mpage reload [39m[2msrc/pages/Home.jsx[22m
[2m8:29:20 AM[22m [36m[1m[vite][22m[39m [90m[2m(client)[22m[39m [32mpage reload [39m[2msrc/pages/Home.jsx[22m
[2m8:47:54 AM[22m [36m[1m[vite][22m[39m [90m[2m(client)[22m[39m [32mpage reload [39m[2msrc/components/layout/Navbar.jsx[22m
[2m8:47:58 AM[22m [36m[1m[vite][22m[39m [90m[2m(client)[22m[39m [32mpage reload [39m[2msrc/components/layout/Navbar.jsx[22m
[2m8:48:24 AM[22m [36m[1m[vite][22m[39m [90m[2m(client)[22m[39m [32mpage reload [39m[2msrc/components/layout/Navbar.jsx[22m
[2m8:48:28 AM[22m [36m[1m[vite][22m[39m [90m[2m(client)[22m[39m [32mpage reload [39m[2msrc/components/layout/Navbar.jsx[22m
[2m8:48:37 AM[22m [36m[1m[vite][22m[39m [90m[2m(client)[22m[39m [32mpage reload [39m[2msrc/components/layout/Navbar.jsx[22m
[2m8:48:45 AM[22m [36m[1m[vite][22m[39m [90m[2m(client)[22m[39m [32mpage reload [39m[2msrc/components/layout/Navbar.jsx[22m
[2m8:49:10 AM[22m [36m[1m[vite][22m[39m [90m[2m(client)[22m[39m [32mpage reload [39m[2msrc/components/layout/Navbar.jsx[22m
[2m8:49:13 AM[22m [36m[1m[vite][22m[39m [90m[2m(client)[22m[39m [32mpage reload [39m[2msrc/components/layout/Navbar.jsx[22m
[2m8:49:19 AM[22m [36m[1m[vite][22m[39m [90m[2m(client)[22m[39m [32mpage reload [39m[2msrc/components/layout/Navbar.jsx[22m
[2m8:49:23 AM[22m [36m[1m[vite][22m[39m [90m[2m(client)[22m[39m [32mpage reload [39m[2msrc/components/layout/Navbar.jsx[22m
[2m8:49:25 AM[22m [36m[1m[vite][22m[39m [90m[2m(client)[22m[39m [32mpage reload [39m[2msrc/components/layout/Navbar.jsx[22m
[2m8:49:28 AM[22m [36m[1m[vite][22m[39m [90m[2m(client)[22m[39m [32mpage reload [39m[2msrc/components/layout/Navbar.jsx[22m
[2m8:49:31 AM[22m [36m[1m[vite][22m[39m [90m[2m(client)[22m[39m [32mpage reload [39m[2msrc/components/layout/Navbar.jsx[22m
[2m8:49:39 AM[22m [36m[1m[vite][22m[39m [90m[2m(client)[22m[39m [32mpage reload [39m[2msrc/components/layout/Navbar.jsx[22m
[2m8:50:14 AM[22m [36m[1m[vite][22m[39m [90m[2m(client)[22m[39m [32mpage reload [39m[2msrc/components/layout/Navbar.jsx[22m
[2m8:52:11 AM[22m [36m[1m[vite][22m[39m [90m[2m(client)[22m[39m [32mpage reload [39m[2msrc/components/layout/Navbar.jsx[22m
[2m8:52:12 AM[22m [36m[1m[vite][22m[39m [90m[2m(client)[22m[39m [32mpage reload [39m[2msrc/components/layout/Navbar.jsx[22m
[2m8:59:49 AM[22m [36m[1m[vite][22m[39m [90m[2m(client)[22m[39m [32mpage reload [39m[2msrc/components/layout/Navbar.jsx[22m
[2m9:00:09 AM[22m [36m[1m[vite][22m[39m [90m[2m(client)[22m[39m [32mpage reload [39m[2msrc/components/layout/Navbar.jsx[22m
[2m9:00:45 AM[22m [36m[1m[vite][22m[39m [90m[2m(client)[22m[39m [32mpage reload [39m[2msrc/components/layout/Navbar.jsx[22m
[2m9:01:07 AM[22m [36m[1m[vite][22m[39m [90m[2m(client)[22m[39m [32mpage reload [39m[2msrc/components/layout/Navbar.jsx[22m
[2m9:01:21 AM[22m [36m[1m[vite][22m[39m [90m[2m(client)[22m[39m [32mpage reload [39m[2msrc/components/layout/Navbar.jsx[22m
[2m9:01:30 AM[22m [36m[1m[vite][22m[39m [90m[2m(client)[22m[39m [32mpage reload [39m[2msrc/components/layout/Navbar.jsx[22m
[2m9:39:29 AM[22m [36m[1m[vite][22m[39m [32m.env changed, restarting server...[39m
[2m9:39:29 AM[22m [36m[1m[vite][22m[39m server restarted.
[2m9:39:30 AM[22m [36m[1m[vite][22m[39m [32m.env changed, restarting server...[39m
[2m9:39:30 AM[22m [36m[1m[vite][22m[39m server restarted.
[2m9:53:19 AM[22m [36m[1m[vite][22m[39m [90m[2m(client)[22m[39m [32mpage reload [39m[2msrc/pages/Dashboard.jsx[22m
[2m9:53:21 AM[22m [36m[1m[vite][22m[39m [90m[2m(client)[22m[39m [32mpage reload [39m[2msrc/pages/Dashboard.jsx[22m
[2m9:53:55 AM[22m [36m[1m[vite][22m[39m [90m[2m(client)[22m[39m [32mpage reload [39m[2msrc/pages/Dashboard.jsx[22m
[2m9:53:57 AM[22m [36m[1m[vite][22m[39m [90m[2m(client)[22m[39m [32mpage reload [39m[2msrc/pages/Dashboard.jsx[22m
[2m9:53:58 AM[22m [36m[1m[vite][22m[39m [90m[2m(client)[22m[39m [32mpage reload [39m[2msrc/pages/Dashboard.jsx[22m
[2m9:53:59 AM[22m [36m[1m[vite][22m[39m [90m[2m(client)[22m[39m [32mpage reload [39m[2msrc/pages/Dashboard.jsx[22m
[2m9:54:00 AM[22m [36m[1m[vite][22m[39m [90m[2m(client)[22m[39m [32mpage reload [39m[2msrc/pages/Dashboard.jsx[22m
[2m9:54:02 AM[22m [36m[1m[vite][22m[39m [90m[2m(client)[22m[39m [32mpage reload [39m[2msrc/pages/Dashboard.jsx[22m
[2m9:54:03 AM[22m [36m[1m[vite][22m[39m [90m[2m(client)[22m[39m [32mpage reload [39m[2msrc/pages/Dashboard.jsx[22m
[2m9:54:04 AM[22m [36m[1m[vite][22m[39m [90m[2m(client)[22m[39m [32mpage reload [39m[2msrc/pages/Dashboard.jsx[22m
[2m9:54:06 AM[22m [36m[1m[vite][22m[39m [90m[2m(client)[22m[39m [32mpage reload [39m[2msrc/pages/Dashboard.jsx[22m
[2m8:50:17 AM[22m [36m[1m[vite][22m[39m [90m[2m(client)[22m[39m [32mpage reload [39m[2msrc/components/layout/Navbar.jsx[22m
[2m8:50:17 AM[22m [36m[1m[vite][22m[39m [90m[2m(client)[22m[39m [32mpage reload [39m[2msrc/components/layout/Navbar.jsx[22m
[2m8:50:32 AM[22m [36m[1m[vite][22m[39m [90m[2m(client)[22m[39m [32mpage reload [39m[2msrc/components/layout/Navbar.jsx[22m
[2m8:50:46 AM[22m [36m[1m[vite][22m[39m [90m[2m(client)[22m[39m [32mpage reload [39m[2msrc/components/layout/Navbar.jsx[22m
[2m9:41:05 AM[22m [36m[1m[vite][22m[39m [90m[2m(client)[22m[39m [32mpage reload [39m[2msrc/components/forms/Input.jsx[22m
[2m9:41:21 AM[22m [36m[1m[vite][22m[39m [90m[2m(client)[22m[39m [32mpage reload [39m[2msrc/pages/DeliveryReview.jsx[22m
[2m9:41:26 AM[22m [36m[1m[vite][22m[39m [90m[2m(client)[22m[39m [32mpage reload [39m[2msrc/pages/ShippingTracking.jsx[22m
[2m9:46:46 AM[22m [36m[1m[vite][22m[39m [90m[2m(client)[22m[39m [32mpage reload [39m[2msrc/pages/Dashboard.jsx[22m
[2m9:47:12 AM[22m [36m[1m[vite][22m[39m [90m[2m(client)[22m[39m [32mpage reload [39m[2msrc/pages/Dashboard.jsx[22m
[2m9:55:32 AM[22m [36m[1m[vite][22m[39m [90m[2m(client)[22m[39m [32mpage reload [39m[2msrc/lib/api.js[22m
[2m9:56:01 AM[22m [36m[1m[vite][22m[39m [90m[2m(client)[22m[39m [32mpage reload [39m[2msrc/pages/Auth.jsx[22m
[2m9:56:36 AM[22m [36m[1m[vite][22m[39m [90m[2m(client)[22m[39m [32mpage reload [39m[2msrc/pages/Auth.jsx[22m
[2m9:56:38 AM[22m [36m[1m[vite][22m[39m [90m[2m(client)[22m[39m [32mpage reload [39m[2msrc/pages/Auth.jsx[22m
[2m10:08:16 AM[22m [36m[1m[vite][22m[39m [90m[2m(client)[22m[39m [32mpage reload [39m[2msrc/pages/Auth.jsx[22m
